<?xml version="1.0" encoding="UTF-8"?>
<robot generator="Robot 6.1 (Python 3.11.2 on win32)" generated="20230619 20:33:55.595" rpa="false" schemaversion="4">
<suite id="s1" name="Test Case" source="D:\Program\Automation\AmazonTest\TestCase\test_case.robot">
<test id="s1-t1" name="Testing Product List" line="12">
<kw name="Open Browser" library="SeleniumLibrary">
<arg>${url}</arg>
<arg>${Browser}</arg>
<arg>incognito</arg>
<doc>Opens a new browser instance to the optional ``url``.</doc>
<msg timestamp="20230619 20:33:55.733" level="INFO">Opening browser 'Chrome' to base url 'https://www.amazon.com'.</msg>
<msg timestamp="20230619 20:33:55.735" level="INFO">Executing: C:\Users\Rakesh Gain\AppData\Local\Programs\Python\Python311\Lib\site-packages\selenium\webdriver\common\windows\selenium-manager.exe --browser chrome --output json</msg>
<status status="PASS" starttime="20230619 20:33:55.731" endtime="20230619 20:34:00.216"/>
</kw>
<kw name="Maximize Browser Window" library="SeleniumLibrary">
<doc>Maximizes current browser window.</doc>
<status status="PASS" starttime="20230619 20:34:00.216" endtime="20230619 20:34:00.347"/>
</kw>
<kw name="Sleep" library="BuiltIn">
<arg>10s</arg>
<doc>Pauses the test executed for the given time.</doc>
<msg timestamp="20230619 20:34:10.348" level="INFO">Slept 10 seconds</msg>
<status status="PASS" starttime="20230619 20:34:00.347" endtime="20230619 20:34:10.348"/>
</kw>
<kw name="Set Selenium Speed" library="SeleniumLibrary">
<arg>0.5s</arg>
<doc>Sets the delay that is waited after each Selenium command.</doc>
<status status="PASS" starttime="20230619 20:34:10.348" endtime="20230619 20:34:10.349"/>
</kw>
<kw name="Click Link" library="SeleniumLibrary">
<arg>xpath://a[@id="nav-hamburger-menu"]</arg>
<doc>Clicks a link identified by ``locator``.</doc>
<msg timestamp="20230619 20:34:10.351" level="INFO">Clicking link 'xpath://a[@id="nav-hamburger-menu"]'.</msg>
<status status="PASS" starttime="20230619 20:34:10.350" endtime="20230619 20:34:11.926"/>
</kw>
<kw name="Click Link" library="SeleniumLibrary">
<arg>xpath://a[@class="hmenu-item" and @data-menu-id="5"]</arg>
<doc>Clicks a link identified by ``locator``.</doc>
<msg timestamp="20230619 20:34:11.928" level="INFO">Clicking link 'xpath://a[@class="hmenu-item" and @data-menu-id="5"]'.</msg>
<status status="PASS" starttime="20230619 20:34:11.927" endtime="20230619 20:34:13.515"/>
</kw>
<kw name="Click Link" library="SeleniumLibrary">
<arg>xpath://a[@class="hmenu-item" and contains(text(),'Cell Phones &amp; Accessories')]</arg>
<doc>Clicks a link identified by ``locator``.</doc>
<msg timestamp="20230619 20:34:13.517" level="INFO">Clicking link 'xpath://a[@class="hmenu-item" and contains(text(),'Cell Phones &amp; Accessories')]'.</msg>
<status status="PASS" starttime="20230619 20:34:13.516" endtime="20230619 20:34:31.513"/>
</kw>
<kw name="Sleep" library="BuiltIn">
<arg>2s</arg>
<doc>Pauses the test executed for the given time.</doc>
<msg timestamp="20230619 20:34:33.514" level="INFO">Slept 2 seconds</msg>
<status status="PASS" starttime="20230619 20:34:31.513" endtime="20230619 20:34:33.514"/>
</kw>
<kw name="Verify Page">
<kw name="Location Should Be" library="SeleniumLibrary">
<arg>${Expected URL}</arg>
<doc>Verifies that the current URL is exactly ``url``.</doc>
<msg timestamp="20230619 20:34:34.026" level="INFO">Current location is 'https://www.amazon.com/s?i=specialty-aps&amp;bbn=16225009011&amp;rh=n%3A%2116225009011%2Cn%3A2811119011&amp;ref=nav_em__nav_desktop_sa_intl_cell_phones_and_accessories_0_2_5_5'.</msg>
<status status="PASS" starttime="20230619 20:34:33.516" endtime="20230619 20:34:34.026"/>
</kw>
<status status="PASS" starttime="20230619 20:34:33.516" endtime="20230619 20:34:34.026"/>
</kw>
<kw name="Sleep" library="BuiltIn">
<arg>3s</arg>
<doc>Pauses the test executed for the given time.</doc>
<msg timestamp="20230619 20:34:37.027" level="INFO">Slept 3 seconds</msg>
<status status="PASS" starttime="20230619 20:34:34.027" endtime="20230619 20:34:37.027"/>
</kw>
<kw name="Click Element" library="SeleniumLibrary">
<arg>xpath://li[@id="p_72/1248879011"]</arg>
<doc>Click the element identified by ``locator``.</doc>
<msg timestamp="20230619 20:34:37.029" level="INFO">Clicking element 'xpath://li[@id="p_72/1248879011"]'.</msg>
<status status="PASS" starttime="20230619 20:34:37.028" endtime="20230619 20:34:40.540"/>
</kw>
<kw name="Get Amazone Product Data">
<var>${product_data_first}</var>
<kw name="Set Selenium Speed" library="SeleniumLibrary">
<arg>0.5s</arg>
<doc>Sets the delay that is waited after each Selenium command.</doc>
<status status="PASS" starttime="20230619 20:34:40.541" endtime="20230619 20:34:40.541"/>
</kw>
<kw name="Get WebElements" library="SeleniumLibrary">
<var>@{product_name_elements}</var>
<arg>xpath://span[@class="a-size-base-plus a-color-base a-text-normal"]</arg>
<doc>Returns a list of WebElement objects matching the ``locator``.</doc>
<msg timestamp="20230619 20:34:41.062" level="INFO">@{product_name_elements} = [ &lt;selenium.webdriver.remote.webelement.WebElement (session="3e1d1e0769973335cea99eff3875dd75", element="0FCA3B77B94A85437FA9104C29C45356_element_147")&gt; | &lt;selenium.webdriver.remote.webelement.WebElem...</msg>
<status status="PASS" starttime="20230619 20:34:40.541" endtime="20230619 20:34:41.062"/>
</kw>
<kw name="Get WebElements" library="SeleniumLibrary">
<var>@{price_elements}</var>
<arg>xpath://span[@class="a-price"]</arg>
<doc>Returns a list of WebElement objects matching the ``locator``.</doc>
<msg timestamp="20230619 20:34:41.582" level="INFO">@{price_elements} = [ &lt;selenium.webdriver.remote.webelement.WebElement (session="3e1d1e0769973335cea99eff3875dd75", element="0FCA3B77B94A85437FA9104C29C45356_element_179")&gt; | &lt;selenium.webdriver.remote.webelement.WebElem...</msg>
<status status="PASS" starttime="20230619 20:34:41.062" endtime="20230619 20:34:41.582"/>
</kw>
<kw name="Create List" library="BuiltIn">
<var>${product_names}</var>
<doc>Returns a list containing given items.</doc>
<msg timestamp="20230619 20:34:41.582" level="INFO">${product_names} = []</msg>
<status status="PASS" starttime="20230619 20:34:41.582" endtime="20230619 20:34:41.582"/>
</kw>
<kw name="Create List" library="BuiltIn">
<var>${prices}</var>
<doc>Returns a list containing given items.</doc>
<msg timestamp="20230619 20:34:41.582" level="INFO">${prices} = []</msg>
<status status="PASS" starttime="20230619 20:34:41.582" endtime="20230619 20:34:41.582"/>
</kw>
<for flavor="IN">
<var>${element}</var>
<value>@{product_name_elements}</value>
<iter>
<var name="${element}">&lt;selenium.webdriver.remote.webelement.WebElement (session="3e1d1e0769973335cea99eff3875dd75", element="0FCA3B77B94A85437FA9104C29C45356_element_147")&gt;</var>
<kw name="Get Text" library="SeleniumLibrary">
<var>${product_name}</var>
<arg>${element}</arg>
<doc>Returns the text value of the element identified by ``locator``.</doc>
<msg timestamp="20230619 20:34:42.098" level="INFO">${product_name} = USB C Wired Earbuds, in Ear Earphones USB Type C Headphones for Laptop with Microphone, Magnetic Noise Canceling Headset Compatible for PC iPad Pro Samsung MacBook</msg>
<status status="PASS" starttime="20230619 20:34:41.583" endtime="20230619 20:34:42.098"/>
</kw>
<kw name="Append To List" library="Collections">
<arg>${product_names}</arg>
<arg>${product_name}</arg>
<doc>Adds ``values`` to the end of ``list``.</doc>
<status status="PASS" starttime="20230619 20:34:42.098" endtime="20230619 20:34:42.099"/>
</kw>
<status status="PASS" starttime="20230619 20:34:41.583" endtime="20230619 20:34:42.099"/>
</iter>
<iter>
<var name="${element}">&lt;selenium.webdriver.remote.webelement.WebElement (session="3e1d1e0769973335cea99eff3875dd75", element="0FCA3B77B94A85437FA9104C29C45356_element_144")&gt;</var>
<kw name="Get Text" library="SeleniumLibrary">
<var>${product_name}</var>
<arg>${element}</arg>
<doc>Returns the text value of the element identified by ``locator``.</doc>
<msg timestamp="20230619 20:34:42.616" level="INFO">${product_name} = weBoost 473060 Office 100 High-Performing Cell Phone Signal Amplifier (75 Ohms)</msg>
<status status="PASS" starttime="20230619 20:34:42.100" endtime="20230619 20:34:42.616"/>
</kw>
<kw name="Append To List" library="Collections">
<arg>${product_names}</arg>
<arg>${product_name}</arg>
<doc>Adds ``values`` to the end of ``list``.</doc>
<status status="PASS" starttime="20230619 20:34:42.616" endtime="20230619 20:34:42.617"/>
</kw>
<status status="PASS" starttime="20230619 20:34:42.100" endtime="20230619 20:34:42.617"/>
</iter>
<iter>
<var name="${element}">&lt;selenium.webdriver.remote.webelement.WebElement (session="3e1d1e0769973335cea99eff3875dd75", element="0FCA3B77B94A85437FA9104C29C45356_element_148")&gt;</var>
<kw name="Get Text" library="SeleniumLibrary">
<var>${product_name}</var>
<arg>${element}</arg>
<doc>Returns the text value of the element identified by ``locator``.</doc>
<msg timestamp="20230619 20:34:43.131" level="INFO">${product_name} = Rechargeable Selfie Light, Cell Phone Fill Light with Front &amp; Back Clip, 3 Light Modes Dimmable, 10-Level Brightness Adjustment, CRI 95+, 2000mAh Rechargeable Phone Light Clip for iPad, Laptop, Tablet</msg>
<status status="PASS" starttime="20230619 20:34:42.617" endtime="20230619 20:34:43.131"/>
</kw>
<kw name="Append To List" library="Collections">
<arg>${product_names}</arg>
<arg>${product_name}</arg>
<doc>Adds ``values`` to the end of ``list``.</doc>
<status status="PASS" starttime="20230619 20:34:43.131" endtime="20230619 20:34:43.132"/>
</kw>
<status status="PASS" starttime="20230619 20:34:42.617" endtime="20230619 20:34:43.132"/>
</iter>
<iter>
<var name="${element}">&lt;selenium.webdriver.remote.webelement.WebElement (session="3e1d1e0769973335cea99eff3875dd75", element="0FCA3B77B94A85437FA9104C29C45356_element_149")&gt;</var>
<kw name="Get Text" library="SeleniumLibrary">
<var>${product_name}</var>
<arg>${element}</arg>
<doc>Returns the text value of the element identified by ``locator``.</doc>
<msg timestamp="20230619 20:34:43.648" level="INFO">${product_name} = Apple MagSafe Charger - Wireless Charger with Fast Charging Capability, Type C Wall Charger, Compatible with iPhone and AirPods</msg>
<status status="PASS" starttime="20230619 20:34:43.132" endtime="20230619 20:34:43.648"/>
</kw>
<kw name="Append To List" library="Collections">
<arg>${product_names}</arg>
<arg>${product_name}</arg>
<doc>Adds ``values`` to the end of ``list``.</doc>
<status status="PASS" starttime="20230619 20:34:43.648" endtime="20230619 20:34:43.649"/>
</kw>
<status status="PASS" starttime="20230619 20:34:43.132" endtime="20230619 20:34:43.649"/>
</iter>
<iter>
<var name="${element}">&lt;selenium.webdriver.remote.webelement.WebElement (session="3e1d1e0769973335cea99eff3875dd75", element="0FCA3B77B94A85437FA9104C29C45356_element_150")&gt;</var>
<kw name="Get Text" library="SeleniumLibrary">
<var>${product_name}</var>
<arg>${element}</arg>
<doc>Returns the text value of the element identified by ``locator``.</doc>
<msg timestamp="20230619 20:34:44.157" level="INFO">${product_name} = SAMSUNG EVO Select Micro SD-Memory-Card + Adapter, 256GB microSDXC 130MB/s Full HD &amp; 4K UHD, UHS-I, U3, A2, V30, Expanded Storage for Android Smartphones, Tablets, Nintendo-Switch (MB-ME256KA/AM)</msg>
<status status="PASS" starttime="20230619 20:34:43.650" endtime="20230619 20:34:44.157"/>
</kw>
<kw name="Append To List" library="Collections">
<arg>${product_names}</arg>
<arg>${product_name}</arg>
<doc>Adds ``values`` to the end of ``list``.</doc>
<status status="PASS" starttime="20230619 20:34:44.157" endtime="20230619 20:34:44.158"/>
</kw>
<status status="PASS" starttime="20230619 20:34:43.649" endtime="20230619 20:34:44.158"/>
</iter>
<iter>
<var name="${element}">&lt;selenium.webdriver.remote.webelement.WebElement (session="3e1d1e0769973335cea99eff3875dd75", element="0FCA3B77B94A85437FA9104C29C45356_element_151")&gt;</var>
<kw name="Get Text" library="SeleniumLibrary">
<var>${product_name}</var>
<arg>${element}</arg>
<doc>Returns the text value of the element identified by ``locator``.</doc>
<msg timestamp="20230619 20:34:44.673" level="INFO">${product_name} = Sony WH-1000XM4 Wireless Premium Noise Canceling Overhead Headphones with Mic for Phone-Call and Alexa Voice Control, Black WH1000XM4</msg>
<status status="PASS" starttime="20230619 20:34:44.159" endtime="20230619 20:34:44.673"/>
</kw>
<kw name="Append To List" library="Collections">
<arg>${product_names}</arg>
<arg>${product_name}</arg>
<doc>Adds ``values`` to the end of ``list``.</doc>
<status status="PASS" starttime="20230619 20:34:44.674" endtime="20230619 20:34:44.674"/>
</kw>
<status status="PASS" starttime="20230619 20:34:44.159" endtime="20230619 20:34:44.674"/>
</iter>
<iter>
<var name="${element}">&lt;selenium.webdriver.remote.webelement.WebElement (session="3e1d1e0769973335cea99eff3875dd75", element="0FCA3B77B94A85437FA9104C29C45356_element_152")&gt;</var>
<kw name="Get Text" library="SeleniumLibrary">
<var>${product_name}</var>
<arg>${element}</arg>
<doc>Returns the text value of the element identified by ``locator``.</doc>
<msg timestamp="20230619 20:34:45.193" level="INFO">${product_name} = Ailun 3 Pack Screen Protector for iPhone 14 Pro Max[6.7 inch] + 3 Pack Camera Lens Protector,Sensor Protection,Dynamic Island Compatible,Case Friendly Tempered Glass Film,[9H Hardness] - HD</msg>
<status status="PASS" starttime="20230619 20:34:44.675" endtime="20230619 20:34:45.193"/>
</kw>
<kw name="Append To List" library="Collections">
<arg>${product_names}</arg>
<arg>${product_name}</arg>
<doc>Adds ``values`` to the end of ``list``.</doc>
<status status="PASS" starttime="20230619 20:34:45.193" endtime="20230619 20:34:45.194"/>
</kw>
<status status="PASS" starttime="20230619 20:34:44.675" endtime="20230619 20:34:45.194"/>
</iter>
<iter>
<var name="${element}">&lt;selenium.webdriver.remote.webelement.WebElement (session="3e1d1e0769973335cea99eff3875dd75", element="0FCA3B77B94A85437FA9104C29C45356_element_153")&gt;</var>
<kw name="Get Text" library="SeleniumLibrary">
<var>${product_name}</var>
<arg>${element}</arg>
<doc>Returns the text value of the element identified by ``locator``.</doc>
<msg timestamp="20230619 20:34:45.710" level="INFO">${product_name} = Sensyne 62" Phone Tripod &amp; Selfie Stick, Extendable Cell Phone Tripod Stand with Wireless Remote and Phone Holder, Compatible with iPhone Android Phone, Camera (Black)</msg>
<status status="PASS" starttime="20230619 20:34:45.194" endtime="20230619 20:34:45.710"/>
</kw>
<kw name="Append To List" library="Collections">
<arg>${product_names}</arg>
<arg>${product_name}</arg>
<doc>Adds ``values`` to the end of ``list``.</doc>
<status status="PASS" starttime="20230619 20:34:45.710" endtime="20230619 20:34:45.710"/>
</kw>
<status status="PASS" starttime="20230619 20:34:45.194" endtime="20230619 20:34:45.710"/>
</iter>
<iter>
<var name="${element}">&lt;selenium.webdriver.remote.webelement.WebElement (session="3e1d1e0769973335cea99eff3875dd75", element="0FCA3B77B94A85437FA9104C29C45356_element_154")&gt;</var>
<kw name="Get Text" library="SeleniumLibrary">
<var>${product_name}</var>
<arg>${element}</arg>
<doc>Returns the text value of the element identified by ``locator``.</doc>
<msg timestamp="20230619 20:34:46.230" level="INFO">${product_name} = Upgraded, Anker Soundcore Bluetooth Speaker with IPX5 Waterproof, Stereo Sound, 24H Playtime, Portable Wireless Speaker for iPhone, Samsung and More</msg>
<status status="PASS" starttime="20230619 20:34:45.711" endtime="20230619 20:34:46.230"/>
</kw>
<kw name="Append To List" library="Collections">
<arg>${product_names}</arg>
<arg>${product_name}</arg>
<doc>Adds ``values`` to the end of ``list``.</doc>
<status status="PASS" starttime="20230619 20:34:46.230" endtime="20230619 20:34:46.230"/>
</kw>
<status status="PASS" starttime="20230619 20:34:45.710" endtime="20230619 20:34:46.230"/>
</iter>
<iter>
<var name="${element}">&lt;selenium.webdriver.remote.webelement.WebElement (session="3e1d1e0769973335cea99eff3875dd75", element="0FCA3B77B94A85437FA9104C29C45356_element_155")&gt;</var>
<kw name="Get Text" library="SeleniumLibrary">
<var>${product_name}</var>
<arg>${element}</arg>
<doc>Returns the text value of the element identified by ``locator``.</doc>
<msg timestamp="20230619 20:34:46.741" level="INFO">${product_name} = iPhone Charger fast charging [APPLE MFi Certified] 2 pack Apple Type C Wall Charger Block with 2 pack [6FT&amp;10FT] Long USB C to lightning cable for iPhone 14/13/12/12 Pro Max/11/Xs Max/XR/X,AirPods Pro</msg>
<status status="PASS" starttime="20230619 20:34:46.230" endtime="20230619 20:34:46.741"/>
</kw>
<kw name="Append To List" library="Collections">
<arg>${product_names}</arg>
<arg>${product_name}</arg>
<doc>Adds ``values`` to the end of ``list``.</doc>
<status status="PASS" starttime="20230619 20:34:46.741" endtime="20230619 20:34:46.742"/>
</kw>
<status status="PASS" starttime="20230619 20:34:46.230" endtime="20230619 20:34:46.742"/>
</iter>
<iter>
<var name="${element}">&lt;selenium.webdriver.remote.webelement.WebElement (session="3e1d1e0769973335cea99eff3875dd75", element="0FCA3B77B94A85437FA9104C29C45356_element_156")&gt;</var>
<kw name="Get Text" library="SeleniumLibrary">
<var>${product_name}</var>
<arg>${element}</arg>
<doc>Returns the text value of the element identified by ``locator``.</doc>
<msg timestamp="20230619 20:34:47.259" level="INFO">${product_name} = Wireless Charger, 3 in 1 Wireless Charging Station, Fast Wireless Charger Stand for iPhone 14/13/12/11/Pro/Max/XS/XR/X/8/Plus, for Apple Watch 8/7/6/5/4/3/2/SE, for AirPods 3/2/Pro(Black)</msg>
<status status="PASS" starttime="20230619 20:34:46.742" endtime="20230619 20:34:47.259"/>
</kw>
<kw name="Append To List" library="Collections">
<arg>${product_names}</arg>
<arg>${product_name}</arg>
<doc>Adds ``values`` to the end of ``list``.</doc>
<status status="PASS" starttime="20230619 20:34:47.259" endtime="20230619 20:34:47.260"/>
</kw>
<status status="PASS" starttime="20230619 20:34:46.742" endtime="20230619 20:34:47.260"/>
</iter>
<iter>
<var name="${element}">&lt;selenium.webdriver.remote.webelement.WebElement (session="3e1d1e0769973335cea99eff3875dd75", element="0FCA3B77B94A85437FA9104C29C45356_element_157")&gt;</var>
<kw name="Get Text" library="SeleniumLibrary">
<var>${product_name}</var>
<arg>${element}</arg>
<doc>Returns the text value of the element identified by ``locator``.</doc>
<msg timestamp="20230619 20:34:47.773" level="INFO">${product_name} = Cell Phone Stand with Wireless Bluetooth Speaker and Anti-Slip Base HD Surround Sound Perfect for Home and Outdoors with Bluetooth Speaker for Desk Compatible with iPhone/ipad/Samsung Galaxy</msg>
<status status="PASS" starttime="20230619 20:34:47.261" endtime="20230619 20:34:47.773"/>
</kw>
<kw name="Append To List" library="Collections">
<arg>${product_names}</arg>
<arg>${product_name}</arg>
<doc>Adds ``values`` to the end of ``list``.</doc>
<status status="PASS" starttime="20230619 20:34:47.773" endtime="20230619 20:34:47.773"/>
</kw>
<status status="PASS" starttime="20230619 20:34:47.260" endtime="20230619 20:34:47.773"/>
</iter>
<iter>
<var name="${element}">&lt;selenium.webdriver.remote.webelement.WebElement (session="3e1d1e0769973335cea99eff3875dd75", element="0FCA3B77B94A85437FA9104C29C45356_element_158")&gt;</var>
<kw name="Get Text" library="SeleniumLibrary">
<var>${product_name}</var>
<arg>${element}</arg>
<doc>Returns the text value of the element identified by ``locator``.</doc>
<msg timestamp="20230619 20:34:48.288" level="INFO">${product_name} = Bluetooth Headphones V5.3 Wireless Earbuds 50Hrs Battery Life with Wireless Charging Case &amp; LED Power Display Deep Bass IPX7 Waterproof Earphones Microphone Stereo Headset for TV Smart Phone Laptop</msg>
<status status="PASS" starttime="20230619 20:34:47.773" endtime="20230619 20:34:48.288"/>
</kw>
<kw name="Append To List" library="Collections">
<arg>${product_names}</arg>
<arg>${product_name}</arg>
<doc>Adds ``values`` to the end of ``list``.</doc>
<status status="PASS" starttime="20230619 20:34:48.288" endtime="20230619 20:34:48.288"/>
</kw>
<status status="PASS" starttime="20230619 20:34:47.773" endtime="20230619 20:34:48.288"/>
</iter>
<iter>
<var name="${element}">&lt;selenium.webdriver.remote.webelement.WebElement (session="3e1d1e0769973335cea99eff3875dd75", element="0FCA3B77B94A85437FA9104C29C45356_element_159")&gt;</var>
<kw name="Get Text" library="SeleniumLibrary">
<var>${product_name}</var>
<arg>${element}</arg>
<doc>Returns the text value of the element identified by ``locator``.</doc>
<msg timestamp="20230619 20:34:48.800" level="INFO">${product_name} = Cell Phone Stand, Neck Cell Phone Holder, Flexible Long Arm Gooseneck Phone Holder for bed, 360 Degree Free Rotation Phone Mount, Universal Multi-Functional Mobile Phone Stand for 4.7''-6.7'' Phone</msg>
<status status="PASS" starttime="20230619 20:34:48.289" endtime="20230619 20:34:48.800"/>
</kw>
<kw name="Append To List" library="Collections">
<arg>${product_names}</arg>
<arg>${product_name}</arg>
<doc>Adds ``values`` to the end of ``list``.</doc>
<status status="PASS" starttime="20230619 20:34:48.800" endtime="20230619 20:34:48.801"/>
</kw>
<status status="PASS" starttime="20230619 20:34:48.288" endtime="20230619 20:34:48.801"/>
</iter>
<iter>
<var name="${element}">&lt;selenium.webdriver.remote.webelement.WebElement (session="3e1d1e0769973335cea99eff3875dd75", element="0FCA3B77B94A85437FA9104C29C45356_element_160")&gt;</var>
<kw name="Get Text" library="SeleniumLibrary">
<var>${product_name}</var>
<arg>${element}</arg>
<doc>Returns the text value of the element identified by ``locator``.</doc>
<msg timestamp="20230619 20:34:49.316" level="INFO">${product_name} = 3 in 1 Wireless Charging Station, Foldable Fast Charger Stand, Charger Dock Compatible for Samsung Galaxy S22/S22/S21/S20/S10, Watch 5/4/3/Active2/1, Galaxy Buds/Buds+/Pro/Live/2, QC 3.0 18W Adapter</msg>
<status status="PASS" starttime="20230619 20:34:48.802" endtime="20230619 20:34:49.316"/>
</kw>
<kw name="Append To List" library="Collections">
<arg>${product_names}</arg>
<arg>${product_name}</arg>
<doc>Adds ``values`` to the end of ``list``.</doc>
<status status="PASS" starttime="20230619 20:34:49.316" endtime="20230619 20:34:49.316"/>
</kw>
<status status="PASS" starttime="20230619 20:34:48.801" endtime="20230619 20:34:49.316"/>
</iter>
<iter>
<var name="${element}">&lt;selenium.webdriver.remote.webelement.WebElement (session="3e1d1e0769973335cea99eff3875dd75", element="0FCA3B77B94A85437FA9104C29C45356_element_161")&gt;</var>
<kw name="Get Text" library="SeleniumLibrary">
<var>${product_name}</var>
<arg>${element}</arg>
<doc>Returns the text value of the element identified by ``locator``.</doc>
<msg timestamp="20230619 20:34:49.830" level="INFO">${product_name} = Ailun 2 Pack Screen Protector for iPhone 13 [6.1 inch Display] with 2 Pack Tempered Glass Camera Lens Protector,[9H Hardness]-HD[4 Pack]</msg>
<status status="PASS" starttime="20230619 20:34:49.317" endtime="20230619 20:34:49.830"/>
</kw>
<kw name="Append To List" library="Collections">
<arg>${product_names}</arg>
<arg>${product_name}</arg>
<doc>Adds ``values`` to the end of ``list``.</doc>
<status status="PASS" starttime="20230619 20:34:49.830" endtime="20230619 20:34:49.831"/>
</kw>
<status status="PASS" starttime="20230619 20:34:49.317" endtime="20230619 20:34:49.831"/>
</iter>
<iter>
<var name="${element}">&lt;selenium.webdriver.remote.webelement.WebElement (session="3e1d1e0769973335cea99eff3875dd75", element="0FCA3B77B94A85437FA9104C29C45356_element_162")&gt;</var>
<kw name="Get Text" library="SeleniumLibrary">
<var>${product_name}</var>
<arg>${element}</arg>
<doc>Returns the text value of the element identified by ``locator``.</doc>
<msg timestamp="20230619 20:34:50.346" level="INFO">${product_name} = TOZO T6 True Wireless Earbuds Bluetooth 5.3 Headphones Touch Control with Wireless Charging Case IPX8 Waterproof Stereo Earphones in-Ear Built-in Mic Headset Premium Deep Bass Black (2022 Upgraded)</msg>
<status status="PASS" starttime="20230619 20:34:49.831" endtime="20230619 20:34:50.346"/>
</kw>
<kw name="Append To List" library="Collections">
<arg>${product_names}</arg>
<arg>${product_name}</arg>
<doc>Adds ``values`` to the end of ``list``.</doc>
<status status="PASS" starttime="20230619 20:34:50.346" endtime="20230619 20:34:50.346"/>
</kw>
<status status="PASS" starttime="20230619 20:34:49.831" endtime="20230619 20:34:50.346"/>
</iter>
<iter>
<var name="${element}">&lt;selenium.webdriver.remote.webelement.WebElement (session="3e1d1e0769973335cea99eff3875dd75", element="0FCA3B77B94A85437FA9104C29C45356_element_163")&gt;</var>
<kw name="Get Text" library="SeleniumLibrary">
<var>${product_name}</var>
<arg>${element}</arg>
<doc>Returns the text value of the element identified by ``locator``.</doc>
<msg timestamp="20230619 20:34:50.857" level="INFO">${product_name} = Soundcore Anker Life Q20 Hybrid Active Noise Cancelling Headphones, Wireless Over Ear Bluetooth Headphones, 40H Playtime, Hi-Res Audio, Deep Bass, Memory Foam Ear Cups, for Travel, Home Office</msg>
<status status="PASS" starttime="20230619 20:34:50.346" endtime="20230619 20:34:50.857"/>
</kw>
<kw name="Append To List" library="Collections">
<arg>${product_names}</arg>
<arg>${product_name}</arg>
<doc>Adds ``values`` to the end of ``list``.</doc>
<status status="PASS" starttime="20230619 20:34:50.858" endtime="20230619 20:34:50.858"/>
</kw>
<status status="PASS" starttime="20230619 20:34:50.346" endtime="20230619 20:34:50.858"/>
</iter>
<iter>
<var name="${element}">&lt;selenium.webdriver.remote.webelement.WebElement (session="3e1d1e0769973335cea99eff3875dd75", element="0FCA3B77B94A85437FA9104C29C45356_element_164")&gt;</var>
<kw name="Get Text" library="SeleniumLibrary">
<var>${product_name}</var>
<arg>${element}</arg>
<doc>Returns the text value of the element identified by ``locator``.</doc>
<msg timestamp="20230619 20:34:51.372" level="INFO">${product_name} = Ailun Glass Screen Protector for iPhone 14/13/13 Pro [6.1 Inch] Display 3 Pack Tempered Glass, Case Friendly</msg>
<status status="PASS" starttime="20230619 20:34:50.859" endtime="20230619 20:34:51.372"/>
</kw>
<kw name="Append To List" library="Collections">
<arg>${product_names}</arg>
<arg>${product_name}</arg>
<doc>Adds ``values`` to the end of ``list``.</doc>
<status status="PASS" starttime="20230619 20:34:51.373" endtime="20230619 20:34:51.373"/>
</kw>
<status status="PASS" starttime="20230619 20:34:50.859" endtime="20230619 20:34:51.373"/>
</iter>
<iter>
<var name="${element}">&lt;selenium.webdriver.remote.webelement.WebElement (session="3e1d1e0769973335cea99eff3875dd75", element="0FCA3B77B94A85437FA9104C29C45356_element_165")&gt;</var>
<kw name="Get Text" library="SeleniumLibrary">
<var>${product_name}</var>
<arg>${element}</arg>
<doc>Returns the text value of the element identified by ``locator``.</doc>
<msg timestamp="20230619 20:34:51.890" level="INFO">${product_name} = Ailun Glass Screen Protector for iPhone 12/12 Pro 2020 6.1 Inch 3 Pack Case Friendly Tempered Glass</msg>
<status status="PASS" starttime="20230619 20:34:51.373" endtime="20230619 20:34:51.890"/>
</kw>
<kw name="Append To List" library="Collections">
<arg>${product_names}</arg>
<arg>${product_name}</arg>
<doc>Adds ``values`` to the end of ``list``.</doc>
<status status="PASS" starttime="20230619 20:34:51.890" endtime="20230619 20:34:51.890"/>
</kw>
<status status="PASS" starttime="20230619 20:34:51.373" endtime="20230619 20:34:51.890"/>
</iter>
<iter>
<var name="${element}">&lt;selenium.webdriver.remote.webelement.WebElement (session="3e1d1e0769973335cea99eff3875dd75", element="0FCA3B77B94A85437FA9104C29C45356_element_166")&gt;</var>
<kw name="Get Text" library="SeleniumLibrary">
<var>${product_name}</var>
<arg>${element}</arg>
<doc>Returns the text value of the element identified by ``locator``.</doc>
<msg timestamp="20230619 20:34:52.407" level="INFO">${product_name} = iPhone Charger [Apple MFi Certified] 3Pack 10FT Lightning Cable Fast Charging iPhone Charger Cord Compatible with iPhone 13 12 11 Pro Max XR XS X 8 7 6 Plus SE and More (Multi-Color)</msg>
<status status="PASS" starttime="20230619 20:34:51.891" endtime="20230619 20:34:52.407"/>
</kw>
<kw name="Append To List" library="Collections">
<arg>${product_names}</arg>
<arg>${product_name}</arg>
<doc>Adds ``values`` to the end of ``list``.</doc>
<status status="PASS" starttime="20230619 20:34:52.407" endtime="20230619 20:34:52.407"/>
</kw>
<status status="PASS" starttime="20230619 20:34:51.891" endtime="20230619 20:34:52.407"/>
</iter>
<iter>
<var name="${element}">&lt;selenium.webdriver.remote.webelement.WebElement (session="3e1d1e0769973335cea99eff3875dd75", element="0FCA3B77B94A85437FA9104C29C45356_element_167")&gt;</var>
<kw name="Get Text" library="SeleniumLibrary">
<var>${product_name}</var>
<arg>${element}</arg>
<doc>Returns the text value of the element identified by ``locator``.</doc>
<msg timestamp="20230619 20:34:52.916" level="INFO">${product_name} = TOZO T10 Bluetooth 5.3 Wireless Earbuds with Wireless Charging Case IPX8 Waterproof Stereo Headphones in Ear Built in Mic Headset Premium Sound with Deep Bass for Sport Black (2022 Upgraded)</msg>
<status status="PASS" starttime="20230619 20:34:52.407" endtime="20230619 20:34:52.916"/>
</kw>
<kw name="Append To List" library="Collections">
<arg>${product_names}</arg>
<arg>${product_name}</arg>
<doc>Adds ``values`` to the end of ``list``.</doc>
<status status="PASS" starttime="20230619 20:34:52.916" endtime="20230619 20:34:52.917"/>
</kw>
<status status="PASS" starttime="20230619 20:34:52.407" endtime="20230619 20:34:52.917"/>
</iter>
<iter>
<var name="${element}">&lt;selenium.webdriver.remote.webelement.WebElement (session="3e1d1e0769973335cea99eff3875dd75", element="0FCA3B77B94A85437FA9104C29C45356_element_168")&gt;</var>
<kw name="Get Text" library="SeleniumLibrary">
<var>${product_name}</var>
<arg>${element}</arg>
<doc>Returns the text value of the element identified by ``locator``.</doc>
<msg timestamp="20230619 20:34:53.430" level="INFO">${product_name} = Twelve South AirFly SE, Bluetooth Wireless Audio Transmitter for AirPods/Wireless or Noise-Cancelling Headphones Use with Any 3.5 mm Audio Jack on Airplanes, Gym Equipment or iPad/Tablets</msg>
<status status="PASS" starttime="20230619 20:34:52.917" endtime="20230619 20:34:53.430"/>
</kw>
<kw name="Append To List" library="Collections">
<arg>${product_names}</arg>
<arg>${product_name}</arg>
<doc>Adds ``values`` to the end of ``list``.</doc>
<status status="PASS" starttime="20230619 20:34:53.430" endtime="20230619 20:34:53.431"/>
</kw>
<status status="PASS" starttime="20230619 20:34:52.917" endtime="20230619 20:34:53.431"/>
</iter>
<iter>
<var name="${element}">&lt;selenium.webdriver.remote.webelement.WebElement (session="3e1d1e0769973335cea99eff3875dd75", element="0FCA3B77B94A85437FA9104C29C45356_element_169")&gt;</var>
<kw name="Get Text" library="SeleniumLibrary">
<var>${product_name}</var>
<arg>${element}</arg>
<doc>Returns the text value of the element identified by ``locator``.</doc>
<msg timestamp="20230619 20:34:53.946" level="INFO">${product_name} = Wireless Earbuds Bluetooth 5.3 Headphones 60 Hrs Playtime Sports Ear buds with Wireless Charging Case &amp; LED Power Display Over-ear Earphones with Earhooks Waterproof Stereo Bass Headset for Workout</msg>
<status status="PASS" starttime="20230619 20:34:53.431" endtime="20230619 20:34:53.946"/>
</kw>
<kw name="Append To List" library="Collections">
<arg>${product_names}</arg>
<arg>${product_name}</arg>
<doc>Adds ``values`` to the end of ``list``.</doc>
<status status="PASS" starttime="20230619 20:34:53.946" endtime="20230619 20:34:53.946"/>
</kw>
<status status="PASS" starttime="20230619 20:34:53.431" endtime="20230619 20:34:53.946"/>
</iter>
<iter>
<var name="${element}">&lt;selenium.webdriver.remote.webelement.WebElement (session="3e1d1e0769973335cea99eff3875dd75", element="0FCA3B77B94A85437FA9104C29C45356_element_170")&gt;</var>
<kw name="Get Text" library="SeleniumLibrary">
<var>${product_name}</var>
<arg>${element}</arg>
<doc>Returns the text value of the element identified by ``locator``.</doc>
<msg timestamp="20230619 20:34:54.462" level="INFO">${product_name} = iPhone Charger Super Fast Charging [Apple MFi Certified] iPad Charger 20W PD USB C Wall Charger 2-Pack 6FT Fast Charging Cable Compatible with iPhone14/14 Pro Max/13/13Pro/12/12 Pro/11/11Pro/XS,iPad</msg>
<status status="PASS" starttime="20230619 20:34:53.947" endtime="20230619 20:34:54.462"/>
</kw>
<kw name="Append To List" library="Collections">
<arg>${product_names}</arg>
<arg>${product_name}</arg>
<doc>Adds ``values`` to the end of ``list``.</doc>
<status status="PASS" starttime="20230619 20:34:54.462" endtime="20230619 20:34:54.462"/>
</kw>
<status status="PASS" starttime="20230619 20:34:53.947" endtime="20230619 20:34:54.462"/>
</iter>
<iter>
<var name="${element}">&lt;selenium.webdriver.remote.webelement.WebElement (session="3e1d1e0769973335cea99eff3875dd75", element="0FCA3B77B94A85437FA9104C29C45356_element_171")&gt;</var>
<kw name="Get Text" library="SeleniumLibrary">
<var>${product_name}</var>
<arg>${element}</arg>
<doc>Returns the text value of the element identified by ``locator``.</doc>
<msg timestamp="20230619 20:34:54.978" level="INFO">${product_name} = FBB Phone Mount for Car, [ Off-Road Level Suction Cup Protection ] 3in1 Long Arm Suction Cup Holder Universal Cell Phone Holder Mount Dashboard Windshield Vent Compatible with All Smartphones</msg>
<status status="PASS" starttime="20230619 20:34:54.462" endtime="20230619 20:34:54.978"/>
</kw>
<kw name="Append To List" library="Collections">
<arg>${product_names}</arg>
<arg>${product_name}</arg>
<doc>Adds ``values`` to the end of ``list``.</doc>
<status status="PASS" starttime="20230619 20:34:54.978" endtime="20230619 20:34:54.979"/>
</kw>
<status status="PASS" starttime="20230619 20:34:54.462" endtime="20230619 20:34:54.979"/>
</iter>
<iter>
<var name="${element}">&lt;selenium.webdriver.remote.webelement.WebElement (session="3e1d1e0769973335cea99eff3875dd75", element="0FCA3B77B94A85437FA9104C29C45356_element_172")&gt;</var>
<kw name="Get Text" library="SeleniumLibrary">
<var>${product_name}</var>
<arg>${element}</arg>
<doc>Returns the text value of the element identified by ``locator``.</doc>
<msg timestamp="20230619 20:34:55.497" level="INFO">${product_name} = SanDisk 256GB Extreme microSDXC UHS-I Memory Card with Adapter - Up to 190MB/s, C10, U3, V30, 4K, 5K, A2, Micro SD Card - SDSQXAV-256G-GN6MA</msg>
<status status="PASS" starttime="20230619 20:34:54.979" endtime="20230619 20:34:55.497"/>
</kw>
<kw name="Append To List" library="Collections">
<arg>${product_names}</arg>
<arg>${product_name}</arg>
<doc>Adds ``values`` to the end of ``list``.</doc>
<status status="PASS" starttime="20230619 20:34:55.497" endtime="20230619 20:34:55.497"/>
</kw>
<status status="PASS" starttime="20230619 20:34:54.979" endtime="20230619 20:34:55.497"/>
</iter>
<iter>
<var name="${element}">&lt;selenium.webdriver.remote.webelement.WebElement (session="3e1d1e0769973335cea99eff3875dd75", element="0FCA3B77B94A85437FA9104C29C45356_element_173")&gt;</var>
<kw name="Get Text" library="SeleniumLibrary">
<var>${product_name}</var>
<arg>${element}</arg>
<doc>Returns the text value of the element identified by ``locator``.</doc>
<msg timestamp="20230619 20:34:56.006" level="INFO">${product_name} = 𝟮𝟬𝟮𝟯 𝐔𝐩𝐠𝐫𝐚𝐝𝐞𝐝 for Apple Watch Charger Magnetic Fast Charging Cable [Portable] Magnetic Wireless Charging Compatible with iWatch Series Ultra/8/7/6/SE/SE2/5/4/3/2/1-[3.3FT] White</msg>
<status status="PASS" starttime="20230619 20:34:55.497" endtime="20230619 20:34:56.006"/>
</kw>
<kw name="Append To List" library="Collections">
<arg>${product_names}</arg>
<arg>${product_name}</arg>
<doc>Adds ``values`` to the end of ``list``.</doc>
<status status="PASS" starttime="20230619 20:34:56.006" endtime="20230619 20:34:56.006"/>
</kw>
<status status="PASS" starttime="20230619 20:34:55.497" endtime="20230619 20:34:56.006"/>
</iter>
<iter>
<var name="${element}">&lt;selenium.webdriver.remote.webelement.WebElement (session="3e1d1e0769973335cea99eff3875dd75", element="0FCA3B77B94A85437FA9104C29C45356_element_174")&gt;</var>
<kw name="Get Text" library="SeleniumLibrary">
<var>${product_name}</var>
<arg>${element}</arg>
<doc>Returns the text value of the element identified by ``locator``.</doc>
<msg timestamp="20230619 20:34:56.516" level="INFO">${product_name} = DJI Osmo Mobile 6 Smartphone Gimbal Stabilizer, 3-Axis Phone Gimbal, Built-In Extension Rod, Portable and Foldable, Android and iPhone Gimbal with ShotGuides, Vlogging Stabilizer, YouTube TikTok Video</msg>
<status status="PASS" starttime="20230619 20:34:56.007" endtime="20230619 20:34:56.516"/>
</kw>
<kw name="Append To List" library="Collections">
<arg>${product_names}</arg>
<arg>${product_name}</arg>
<doc>Adds ``values`` to the end of ``list``.</doc>
<status status="PASS" starttime="20230619 20:34:56.516" endtime="20230619 20:34:56.517"/>
</kw>
<status status="PASS" starttime="20230619 20:34:56.007" endtime="20230619 20:34:56.517"/>
</iter>
<iter>
<var name="${element}">&lt;selenium.webdriver.remote.webelement.WebElement (session="3e1d1e0769973335cea99eff3875dd75", element="0FCA3B77B94A85437FA9104C29C45356_element_175")&gt;</var>
<kw name="Get Text" library="SeleniumLibrary">
<var>${product_name}</var>
<arg>${element}</arg>
<doc>Returns the text value of the element identified by ``locator``.</doc>
<msg timestamp="20230619 20:34:57.031" level="INFO">${product_name} = Sony WH-1000XM5 Wireless Industry Leading Headphones with Auto Noise Canceling Optimizer, Crystal Clear Hands-Free Calling, and Alexa Voice Control, Black</msg>
<status status="PASS" starttime="20230619 20:34:56.517" endtime="20230619 20:34:57.031"/>
</kw>
<kw name="Append To List" library="Collections">
<arg>${product_names}</arg>
<arg>${product_name}</arg>
<doc>Adds ``values`` to the end of ``list``.</doc>
<status status="PASS" starttime="20230619 20:34:57.031" endtime="20230619 20:34:57.032"/>
</kw>
<status status="PASS" starttime="20230619 20:34:56.517" endtime="20230619 20:34:57.032"/>
</iter>
<iter>
<var name="${element}">&lt;selenium.webdriver.remote.webelement.WebElement (session="3e1d1e0769973335cea99eff3875dd75", element="0FCA3B77B94A85437FA9104C29C45356_element_176")&gt;</var>
<kw name="Get Text" library="SeleniumLibrary">
<var>${product_name}</var>
<arg>${element}</arg>
<doc>Returns the text value of the element identified by ``locator``.</doc>
<msg timestamp="20230619 20:34:57.547" level="INFO">${product_name} = Rechargeable Selfie Light &amp; Phone Light Clip for iPhone - Phone LED Light with Adjustable Brightness, Perfect for Selfies, Makeup, TikTok, Live Streaming &amp; Video Conferencing</msg>
<status status="PASS" starttime="20230619 20:34:57.032" endtime="20230619 20:34:57.547"/>
</kw>
<kw name="Append To List" library="Collections">
<arg>${product_names}</arg>
<arg>${product_name}</arg>
<doc>Adds ``values`` to the end of ``list``.</doc>
<status status="PASS" starttime="20230619 20:34:57.547" endtime="20230619 20:34:57.547"/>
</kw>
<status status="PASS" starttime="20230619 20:34:57.032" endtime="20230619 20:34:57.547"/>
</iter>
<iter>
<var name="${element}">&lt;selenium.webdriver.remote.webelement.WebElement (session="3e1d1e0769973335cea99eff3875dd75", element="0FCA3B77B94A85437FA9104C29C45356_element_177")&gt;</var>
<kw name="Get Text" library="SeleniumLibrary">
<var>${product_name}</var>
<arg>${element}</arg>
<doc>Returns the text value of the element identified by ``locator``.</doc>
<msg timestamp="20230619 20:34:58.060" level="INFO">${product_name} = USB C Charger, RUNGLI 130W 4 Port GaN Compact Charging Station for Multiple Devices, USB Fast Wall Charger with 2 Type-C and 2 USB A, Multiport Power Adapter for iPad iPhone, Samsung Android Phones</msg>
<status status="PASS" starttime="20230619 20:34:57.548" endtime="20230619 20:34:58.060"/>
</kw>
<kw name="Append To List" library="Collections">
<arg>${product_names}</arg>
<arg>${product_name}</arg>
<doc>Adds ``values`` to the end of ``list``.</doc>
<status status="PASS" starttime="20230619 20:34:58.060" endtime="20230619 20:34:58.061"/>
</kw>
<status status="PASS" starttime="20230619 20:34:57.548" endtime="20230619 20:34:58.061"/>
</iter>
<iter>
<var name="${element}">&lt;selenium.webdriver.remote.webelement.WebElement (session="3e1d1e0769973335cea99eff3875dd75", element="0FCA3B77B94A85437FA9104C29C45356_element_178")&gt;</var>
<kw name="Get Text" library="SeleniumLibrary">
<var>${product_name}</var>
<arg>${element}</arg>
<doc>Returns the text value of the element identified by ``locator``.</doc>
<msg timestamp="20230619 20:34:58.581" level="INFO">${product_name} = munash Bluetooth Headset Wireless Handfree Earpiece V5.1 with 500mAh Battery Display Charging Case 96 Hours Talking Time Built-in Microphone for iPhone Android Cell Phone Driver/Business/Office</msg>
<status status="PASS" starttime="20230619 20:34:58.061" endtime="20230619 20:34:58.582"/>
</kw>
<kw name="Append To List" library="Collections">
<arg>${product_names}</arg>
<arg>${product_name}</arg>
<doc>Adds ``values`` to the end of ``list``.</doc>
<status status="PASS" starttime="20230619 20:34:58.582" endtime="20230619 20:34:58.582"/>
</kw>
<status status="PASS" starttime="20230619 20:34:58.061" endtime="20230619 20:34:58.582"/>
</iter>
<status status="PASS" starttime="20230619 20:34:41.582" endtime="20230619 20:34:58.582"/>
</for>
<for flavor="IN">
<var>${element}</var>
<value>@{price_elements}</value>
<iter>
<var name="${element}">&lt;selenium.webdriver.remote.webelement.WebElement (session="3e1d1e0769973335cea99eff3875dd75", element="0FCA3B77B94A85437FA9104C29C45356_element_179")&gt;</var>
<kw name="Get Text" library="SeleniumLibrary">
<var>${price}</var>
<arg>${element}</arg>
<doc>Returns the text value of the element identified by ``locator``.</doc>
<msg timestamp="20230619 20:34:59.097" level="INFO">${price} = $15
88</msg>
<status status="PASS" starttime="20230619 20:34:58.583" endtime="20230619 20:34:59.097"/>
</kw>
<kw name="Replace String" library="String">
<var>${price}</var>
<arg>${price}</arg>
<arg>\n</arg>
<arg>.</arg>
<doc>Replaces ``search_for`` in the given ``string`` with ``replace_with``.</doc>
<msg timestamp="20230619 20:34:59.098" level="INFO">${price} = $15.88</msg>
<status status="PASS" starttime="20230619 20:34:59.097" endtime="20230619 20:34:59.098"/>
</kw>
<kw name="Append To List" library="Collections">
<arg>${prices}</arg>
<arg>${price}</arg>
<doc>Adds ``values`` to the end of ``list``.</doc>
<status status="PASS" starttime="20230619 20:34:59.098" endtime="20230619 20:34:59.098"/>
</kw>
<status status="PASS" starttime="20230619 20:34:58.583" endtime="20230619 20:34:59.098"/>
</iter>
<iter>
<var name="${element}">&lt;selenium.webdriver.remote.webelement.WebElement (session="3e1d1e0769973335cea99eff3875dd75", element="0FCA3B77B94A85437FA9104C29C45356_element_180")&gt;</var>
<kw name="Get Text" library="SeleniumLibrary">
<var>${price}</var>
<arg>${element}</arg>
<doc>Returns the text value of the element identified by ``locator``.</doc>
<msg timestamp="20230619 20:34:59.615" level="INFO">${price} = $1,299
99</msg>
<status status="PASS" starttime="20230619 20:34:59.098" endtime="20230619 20:34:59.615"/>
</kw>
<kw name="Replace String" library="String">
<var>${price}</var>
<arg>${price}</arg>
<arg>\n</arg>
<arg>.</arg>
<doc>Replaces ``search_for`` in the given ``string`` with ``replace_with``.</doc>
<msg timestamp="20230619 20:34:59.615" level="INFO">${price} = $1,299.99</msg>
<status status="PASS" starttime="20230619 20:34:59.615" endtime="20230619 20:34:59.615"/>
</kw>
<kw name="Append To List" library="Collections">
<arg>${prices}</arg>
<arg>${price}</arg>
<doc>Adds ``values`` to the end of ``list``.</doc>
<status status="PASS" starttime="20230619 20:34:59.615" endtime="20230619 20:34:59.616"/>
</kw>
<status status="PASS" starttime="20230619 20:34:59.098" endtime="20230619 20:34:59.616"/>
</iter>
<iter>
<var name="${element}">&lt;selenium.webdriver.remote.webelement.WebElement (session="3e1d1e0769973335cea99eff3875dd75", element="0FCA3B77B94A85437FA9104C29C45356_element_181")&gt;</var>
<kw name="Get Text" library="SeleniumLibrary">
<var>${price}</var>
<arg>${element}</arg>
<doc>Returns the text value of the element identified by ``locator``.</doc>
<msg timestamp="20230619 20:35:00.129" level="INFO">${price} = $27
99</msg>
<status status="PASS" starttime="20230619 20:34:59.616" endtime="20230619 20:35:00.129"/>
</kw>
<kw name="Replace String" library="String">
<var>${price}</var>
<arg>${price}</arg>
<arg>\n</arg>
<arg>.</arg>
<doc>Replaces ``search_for`` in the given ``string`` with ``replace_with``.</doc>
<msg timestamp="20230619 20:35:00.130" level="INFO">${price} = $27.99</msg>
<status status="PASS" starttime="20230619 20:35:00.129" endtime="20230619 20:35:00.130"/>
</kw>
<kw name="Append To List" library="Collections">
<arg>${prices}</arg>
<arg>${price}</arg>
<doc>Adds ``values`` to the end of ``list``.</doc>
<status status="PASS" starttime="20230619 20:35:00.130" endtime="20230619 20:35:00.131"/>
</kw>
<status status="PASS" starttime="20230619 20:34:59.616" endtime="20230619 20:35:00.131"/>
</iter>
<iter>
<var name="${element}">&lt;selenium.webdriver.remote.webelement.WebElement (session="3e1d1e0769973335cea99eff3875dd75", element="0FCA3B77B94A85437FA9104C29C45356_element_182")&gt;</var>
<kw name="Get Text" library="SeleniumLibrary">
<var>${price}</var>
<arg>${element}</arg>
<doc>Returns the text value of the element identified by ``locator``.</doc>
<msg timestamp="20230619 20:35:00.649" level="INFO">${price} = $31
00</msg>
<status status="PASS" starttime="20230619 20:35:00.131" endtime="20230619 20:35:00.649"/>
</kw>
<kw name="Replace String" library="String">
<var>${price}</var>
<arg>${price}</arg>
<arg>\n</arg>
<arg>.</arg>
<doc>Replaces ``search_for`` in the given ``string`` with ``replace_with``.</doc>
<msg timestamp="20230619 20:35:00.649" level="INFO">${price} = $31.00</msg>
<status status="PASS" starttime="20230619 20:35:00.649" endtime="20230619 20:35:00.649"/>
</kw>
<kw name="Append To List" library="Collections">
<arg>${prices}</arg>
<arg>${price}</arg>
<doc>Adds ``values`` to the end of ``list``.</doc>
<status status="PASS" starttime="20230619 20:35:00.650" endtime="20230619 20:35:00.650"/>
</kw>
<status status="PASS" starttime="20230619 20:35:00.131" endtime="20230619 20:35:00.650"/>
</iter>
<iter>
<var name="${element}">&lt;selenium.webdriver.remote.webelement.WebElement (session="3e1d1e0769973335cea99eff3875dd75", element="0FCA3B77B94A85437FA9104C29C45356_element_183")&gt;</var>
<kw name="Get Text" library="SeleniumLibrary">
<var>${price}</var>
<arg>${element}</arg>
<doc>Returns the text value of the element identified by ``locator``.</doc>
<msg timestamp="20230619 20:35:01.165" level="INFO">${price} = $17
99</msg>
<status status="PASS" starttime="20230619 20:35:00.651" endtime="20230619 20:35:01.165"/>
</kw>
<kw name="Replace String" library="String">
<var>${price}</var>
<arg>${price}</arg>
<arg>\n</arg>
<arg>.</arg>
<doc>Replaces ``search_for`` in the given ``string`` with ``replace_with``.</doc>
<msg timestamp="20230619 20:35:01.166" level="INFO">${price} = $17.99</msg>
<status status="PASS" starttime="20230619 20:35:01.165" endtime="20230619 20:35:01.166"/>
</kw>
<kw name="Append To List" library="Collections">
<arg>${prices}</arg>
<arg>${price}</arg>
<doc>Adds ``values`` to the end of ``list``.</doc>
<status status="PASS" starttime="20230619 20:35:01.166" endtime="20230619 20:35:01.166"/>
</kw>
<status status="PASS" starttime="20230619 20:35:00.651" endtime="20230619 20:35:01.166"/>
</iter>
<iter>
<var name="${element}">&lt;selenium.webdriver.remote.webelement.WebElement (session="3e1d1e0769973335cea99eff3875dd75", element="0FCA3B77B94A85437FA9104C29C45356_element_184")&gt;</var>
<kw name="Get Text" library="SeleniumLibrary">
<var>${price}</var>
<arg>${element}</arg>
<doc>Returns the text value of the element identified by ``locator``.</doc>
<msg timestamp="20230619 20:35:01.682" level="INFO">${price} = $348
00</msg>
<status status="PASS" starttime="20230619 20:35:01.166" endtime="20230619 20:35:01.682"/>
</kw>
<kw name="Replace String" library="String">
<var>${price}</var>
<arg>${price}</arg>
<arg>\n</arg>
<arg>.</arg>
<doc>Replaces ``search_for`` in the given ``string`` with ``replace_with``.</doc>
<msg timestamp="20230619 20:35:01.683" level="INFO">${price} = $348.00</msg>
<status status="PASS" starttime="20230619 20:35:01.682" endtime="20230619 20:35:01.683"/>
</kw>
<kw name="Append To List" library="Collections">
<arg>${prices}</arg>
<arg>${price}</arg>
<doc>Adds ``values`` to the end of ``list``.</doc>
<status status="PASS" starttime="20230619 20:35:01.683" endtime="20230619 20:35:01.683"/>
</kw>
<status status="PASS" starttime="20230619 20:35:01.166" endtime="20230619 20:35:01.683"/>
</iter>
<iter>
<var name="${element}">&lt;selenium.webdriver.remote.webelement.WebElement (session="3e1d1e0769973335cea99eff3875dd75", element="0FCA3B77B94A85437FA9104C29C45356_element_185")&gt;</var>
<kw name="Get Text" library="SeleniumLibrary">
<var>${price}</var>
<arg>${element}</arg>
<doc>Returns the text value of the element identified by ``locator``.</doc>
<msg timestamp="20230619 20:35:02.200" level="INFO">${price} = $9
88</msg>
<status status="PASS" starttime="20230619 20:35:01.684" endtime="20230619 20:35:02.200"/>
</kw>
<kw name="Replace String" library="String">
<var>${price}</var>
<arg>${price}</arg>
<arg>\n</arg>
<arg>.</arg>
<doc>Replaces ``search_for`` in the given ``string`` with ``replace_with``.</doc>
<msg timestamp="20230619 20:35:02.201" level="INFO">${price} = $9.88</msg>
<status status="PASS" starttime="20230619 20:35:02.201" endtime="20230619 20:35:02.201"/>
</kw>
<kw name="Append To List" library="Collections">
<arg>${prices}</arg>
<arg>${price}</arg>
<doc>Adds ``values`` to the end of ``list``.</doc>
<status status="PASS" starttime="20230619 20:35:02.201" endtime="20230619 20:35:02.202"/>
</kw>
<status status="PASS" starttime="20230619 20:35:01.683" endtime="20230619 20:35:02.202"/>
</iter>
<iter>
<var name="${element}">&lt;selenium.webdriver.remote.webelement.WebElement (session="3e1d1e0769973335cea99eff3875dd75", element="0FCA3B77B94A85437FA9104C29C45356_element_186")&gt;</var>
<kw name="Get Text" library="SeleniumLibrary">
<var>${price}</var>
<arg>${element}</arg>
<doc>Returns the text value of the element identified by ``locator``.</doc>
<msg timestamp="20230619 20:35:02.718" level="INFO">${price} = $19
99</msg>
<status status="PASS" starttime="20230619 20:35:02.202" endtime="20230619 20:35:02.718"/>
</kw>
<kw name="Replace String" library="String">
<var>${price}</var>
<arg>${price}</arg>
<arg>\n</arg>
<arg>.</arg>
<doc>Replaces ``search_for`` in the given ``string`` with ``replace_with``.</doc>
<msg timestamp="20230619 20:35:02.719" level="INFO">${price} = $19.99</msg>
<status status="PASS" starttime="20230619 20:35:02.718" endtime="20230619 20:35:02.719"/>
</kw>
<kw name="Append To List" library="Collections">
<arg>${prices}</arg>
<arg>${price}</arg>
<doc>Adds ``values`` to the end of ``list``.</doc>
<status status="PASS" starttime="20230619 20:35:02.719" endtime="20230619 20:35:02.719"/>
</kw>
<status status="PASS" starttime="20230619 20:35:02.202" endtime="20230619 20:35:02.719"/>
</iter>
<iter>
<var name="${element}">&lt;selenium.webdriver.remote.webelement.WebElement (session="3e1d1e0769973335cea99eff3875dd75", element="0FCA3B77B94A85437FA9104C29C45356_element_187")&gt;</var>
<kw name="Get Text" library="SeleniumLibrary">
<var>${price}</var>
<arg>${element}</arg>
<doc>Returns the text value of the element identified by ``locator``.</doc>
<msg timestamp="20230619 20:35:03.230" level="INFO">${price} = $27
99</msg>
<status status="PASS" starttime="20230619 20:35:02.719" endtime="20230619 20:35:03.230"/>
</kw>
<kw name="Replace String" library="String">
<var>${price}</var>
<arg>${price}</arg>
<arg>\n</arg>
<arg>.</arg>
<doc>Replaces ``search_for`` in the given ``string`` with ``replace_with``.</doc>
<msg timestamp="20230619 20:35:03.231" level="INFO">${price} = $27.99</msg>
<status status="PASS" starttime="20230619 20:35:03.230" endtime="20230619 20:35:03.231"/>
</kw>
<kw name="Append To List" library="Collections">
<arg>${prices}</arg>
<arg>${price}</arg>
<doc>Adds ``values`` to the end of ``list``.</doc>
<status status="PASS" starttime="20230619 20:35:03.231" endtime="20230619 20:35:03.231"/>
</kw>
<status status="PASS" starttime="20230619 20:35:02.719" endtime="20230619 20:35:03.231"/>
</iter>
<iter>
<var name="${element}">&lt;selenium.webdriver.remote.webelement.WebElement (session="3e1d1e0769973335cea99eff3875dd75", element="0FCA3B77B94A85437FA9104C29C45356_element_188")&gt;</var>
<kw name="Get Text" library="SeleniumLibrary">
<var>${price}</var>
<arg>${element}</arg>
<doc>Returns the text value of the element identified by ``locator``.</doc>
<msg timestamp="20230619 20:35:03.748" level="INFO">${price} = $16
99</msg>
<status status="PASS" starttime="20230619 20:35:03.232" endtime="20230619 20:35:03.748"/>
</kw>
<kw name="Replace String" library="String">
<var>${price}</var>
<arg>${price}</arg>
<arg>\n</arg>
<arg>.</arg>
<doc>Replaces ``search_for`` in the given ``string`` with ``replace_with``.</doc>
<msg timestamp="20230619 20:35:03.748" level="INFO">${price} = $16.99</msg>
<status status="PASS" starttime="20230619 20:35:03.748" endtime="20230619 20:35:03.748"/>
</kw>
<kw name="Append To List" library="Collections">
<arg>${prices}</arg>
<arg>${price}</arg>
<doc>Adds ``values`` to the end of ``list``.</doc>
<status status="PASS" starttime="20230619 20:35:03.748" endtime="20230619 20:35:03.748"/>
</kw>
<status status="PASS" starttime="20230619 20:35:03.232" endtime="20230619 20:35:03.748"/>
</iter>
<iter>
<var name="${element}">&lt;selenium.webdriver.remote.webelement.WebElement (session="3e1d1e0769973335cea99eff3875dd75", element="0FCA3B77B94A85437FA9104C29C45356_element_189")&gt;</var>
<kw name="Get Text" library="SeleniumLibrary">
<var>${price}</var>
<arg>${element}</arg>
<doc>Returns the text value of the element identified by ``locator``.</doc>
<msg timestamp="20230619 20:35:04.260" level="INFO">${price} = $25
69</msg>
<status status="PASS" starttime="20230619 20:35:03.749" endtime="20230619 20:35:04.260"/>
</kw>
<kw name="Replace String" library="String">
<var>${price}</var>
<arg>${price}</arg>
<arg>\n</arg>
<arg>.</arg>
<doc>Replaces ``search_for`` in the given ``string`` with ``replace_with``.</doc>
<msg timestamp="20230619 20:35:04.261" level="INFO">${price} = $25.69</msg>
<status status="PASS" starttime="20230619 20:35:04.261" endtime="20230619 20:35:04.261"/>
</kw>
<kw name="Append To List" library="Collections">
<arg>${prices}</arg>
<arg>${price}</arg>
<doc>Adds ``values`` to the end of ``list``.</doc>
<status status="PASS" starttime="20230619 20:35:04.261" endtime="20230619 20:35:04.262"/>
</kw>
<status status="PASS" starttime="20230619 20:35:03.748" endtime="20230619 20:35:04.262"/>
</iter>
<iter>
<var name="${element}">&lt;selenium.webdriver.remote.webelement.WebElement (session="3e1d1e0769973335cea99eff3875dd75", element="0FCA3B77B94A85437FA9104C29C45356_element_190")&gt;</var>
<kw name="Get Text" library="SeleniumLibrary">
<var>${price}</var>
<arg>${element}</arg>
<doc>Returns the text value of the element identified by ``locator``.</doc>
<msg timestamp="20230619 20:35:04.778" level="INFO">${price} = $25
99</msg>
<status status="PASS" starttime="20230619 20:35:04.262" endtime="20230619 20:35:04.778"/>
</kw>
<kw name="Replace String" library="String">
<var>${price}</var>
<arg>${price}</arg>
<arg>\n</arg>
<arg>.</arg>
<doc>Replaces ``search_for`` in the given ``string`` with ``replace_with``.</doc>
<msg timestamp="20230619 20:35:04.779" level="INFO">${price} = $25.99</msg>
<status status="PASS" starttime="20230619 20:35:04.778" endtime="20230619 20:35:04.779"/>
</kw>
<kw name="Append To List" library="Collections">
<arg>${prices}</arg>
<arg>${price}</arg>
<doc>Adds ``values`` to the end of ``list``.</doc>
<status status="PASS" starttime="20230619 20:35:04.779" endtime="20230619 20:35:04.779"/>
</kw>
<status status="PASS" starttime="20230619 20:35:04.262" endtime="20230619 20:35:04.779"/>
</iter>
<iter>
<var name="${element}">&lt;selenium.webdriver.remote.webelement.WebElement (session="3e1d1e0769973335cea99eff3875dd75", element="0FCA3B77B94A85437FA9104C29C45356_element_191")&gt;</var>
<kw name="Get Text" library="SeleniumLibrary">
<var>${price}</var>
<arg>${element}</arg>
<doc>Returns the text value of the element identified by ``locator``.</doc>
<msg timestamp="20230619 20:35:05.292" level="INFO">${price} = $26
99</msg>
<status status="PASS" starttime="20230619 20:35:04.779" endtime="20230619 20:35:05.292"/>
</kw>
<kw name="Replace String" library="String">
<var>${price}</var>
<arg>${price}</arg>
<arg>\n</arg>
<arg>.</arg>
<doc>Replaces ``search_for`` in the given ``string`` with ``replace_with``.</doc>
<msg timestamp="20230619 20:35:05.292" level="INFO">${price} = $26.99</msg>
<status status="PASS" starttime="20230619 20:35:05.292" endtime="20230619 20:35:05.292"/>
</kw>
<kw name="Append To List" library="Collections">
<arg>${prices}</arg>
<arg>${price}</arg>
<doc>Adds ``values`` to the end of ``list``.</doc>
<status status="PASS" starttime="20230619 20:35:05.292" endtime="20230619 20:35:05.292"/>
</kw>
<status status="PASS" starttime="20230619 20:35:04.779" endtime="20230619 20:35:05.292"/>
</iter>
<iter>
<var name="${element}">&lt;selenium.webdriver.remote.webelement.WebElement (session="3e1d1e0769973335cea99eff3875dd75", element="0FCA3B77B94A85437FA9104C29C45356_element_192")&gt;</var>
<kw name="Get Text" library="SeleniumLibrary">
<var>${price}</var>
<arg>${element}</arg>
<doc>Returns the text value of the element identified by ``locator``.</doc>
<msg timestamp="20230619 20:35:05.808" level="INFO">${price} = $34
99</msg>
<status status="PASS" starttime="20230619 20:35:05.294" endtime="20230619 20:35:05.808"/>
</kw>
<kw name="Replace String" library="String">
<var>${price}</var>
<arg>${price}</arg>
<arg>\n</arg>
<arg>.</arg>
<doc>Replaces ``search_for`` in the given ``string`` with ``replace_with``.</doc>
<msg timestamp="20230619 20:35:05.808" level="INFO">${price} = $34.99</msg>
<status status="PASS" starttime="20230619 20:35:05.808" endtime="20230619 20:35:05.808"/>
</kw>
<kw name="Append To List" library="Collections">
<arg>${prices}</arg>
<arg>${price}</arg>
<doc>Adds ``values`` to the end of ``list``.</doc>
<status status="PASS" starttime="20230619 20:35:05.809" endtime="20230619 20:35:05.809"/>
</kw>
<status status="PASS" starttime="20230619 20:35:05.294" endtime="20230619 20:35:05.809"/>
</iter>
<iter>
<var name="${element}">&lt;selenium.webdriver.remote.webelement.WebElement (session="3e1d1e0769973335cea99eff3875dd75", element="0FCA3B77B94A85437FA9104C29C45356_element_193")&gt;</var>
<kw name="Get Text" library="SeleniumLibrary">
<var>${price}</var>
<arg>${element}</arg>
<doc>Returns the text value of the element identified by ``locator``.</doc>
<msg timestamp="20230619 20:35:06.324" level="INFO">${price} = $8
89</msg>
<status status="PASS" starttime="20230619 20:35:05.809" endtime="20230619 20:35:06.324"/>
</kw>
<kw name="Replace String" library="String">
<var>${price}</var>
<arg>${price}</arg>
<arg>\n</arg>
<arg>.</arg>
<doc>Replaces ``search_for`` in the given ``string`` with ``replace_with``.</doc>
<msg timestamp="20230619 20:35:06.325" level="INFO">${price} = $8.89</msg>
<status status="PASS" starttime="20230619 20:35:06.324" endtime="20230619 20:35:06.325"/>
</kw>
<kw name="Append To List" library="Collections">
<arg>${prices}</arg>
<arg>${price}</arg>
<doc>Adds ``values`` to the end of ``list``.</doc>
<status status="PASS" starttime="20230619 20:35:06.325" endtime="20230619 20:35:06.326"/>
</kw>
<status status="PASS" starttime="20230619 20:35:05.809" endtime="20230619 20:35:06.326"/>
</iter>
<iter>
<var name="${element}">&lt;selenium.webdriver.remote.webelement.WebElement (session="3e1d1e0769973335cea99eff3875dd75", element="0FCA3B77B94A85437FA9104C29C45356_element_194")&gt;</var>
<kw name="Get Text" library="SeleniumLibrary">
<var>${price}</var>
<arg>${element}</arg>
<doc>Returns the text value of the element identified by ``locator``.</doc>
<msg timestamp="20230619 20:35:06.838" level="INFO">${price} = $26
99</msg>
<status status="PASS" starttime="20230619 20:35:06.326" endtime="20230619 20:35:06.838"/>
</kw>
<kw name="Replace String" library="String">
<var>${price}</var>
<arg>${price}</arg>
<arg>\n</arg>
<arg>.</arg>
<doc>Replaces ``search_for`` in the given ``string`` with ``replace_with``.</doc>
<msg timestamp="20230619 20:35:06.838" level="INFO">${price} = $26.99</msg>
<status status="PASS" starttime="20230619 20:35:06.838" endtime="20230619 20:35:06.839"/>
</kw>
<kw name="Append To List" library="Collections">
<arg>${prices}</arg>
<arg>${price}</arg>
<doc>Adds ``values`` to the end of ``list``.</doc>
<status status="PASS" starttime="20230619 20:35:06.839" endtime="20230619 20:35:06.839"/>
</kw>
<status status="PASS" starttime="20230619 20:35:06.326" endtime="20230619 20:35:06.839"/>
</iter>
<iter>
<var name="${element}">&lt;selenium.webdriver.remote.webelement.WebElement (session="3e1d1e0769973335cea99eff3875dd75", element="0FCA3B77B94A85437FA9104C29C45356_element_195")&gt;</var>
<kw name="Get Text" library="SeleniumLibrary">
<var>${price}</var>
<arg>${element}</arg>
<doc>Returns the text value of the element identified by ``locator``.</doc>
<msg timestamp="20230619 20:35:07.353" level="INFO">${price} = $44
99</msg>
<status status="PASS" starttime="20230619 20:35:06.840" endtime="20230619 20:35:07.354"/>
</kw>
<kw name="Replace String" library="String">
<var>${price}</var>
<arg>${price}</arg>
<arg>\n</arg>
<arg>.</arg>
<doc>Replaces ``search_for`` in the given ``string`` with ``replace_with``.</doc>
<msg timestamp="20230619 20:35:07.354" level="INFO">${price} = $44.99</msg>
<status status="PASS" starttime="20230619 20:35:07.354" endtime="20230619 20:35:07.354"/>
</kw>
<kw name="Append To List" library="Collections">
<arg>${prices}</arg>
<arg>${price}</arg>
<doc>Adds ``values`` to the end of ``list``.</doc>
<status status="PASS" starttime="20230619 20:35:07.354" endtime="20230619 20:35:07.356"/>
</kw>
<status status="PASS" starttime="20230619 20:35:06.839" endtime="20230619 20:35:07.356"/>
</iter>
<iter>
<var name="${element}">&lt;selenium.webdriver.remote.webelement.WebElement (session="3e1d1e0769973335cea99eff3875dd75", element="0FCA3B77B94A85437FA9104C29C45356_element_196")&gt;</var>
<kw name="Get Text" library="SeleniumLibrary">
<var>${price}</var>
<arg>${element}</arg>
<doc>Returns the text value of the element identified by ``locator``.</doc>
<msg timestamp="20230619 20:35:07.873" level="INFO">${price} = $7
89</msg>
<status status="PASS" starttime="20230619 20:35:07.356" endtime="20230619 20:35:07.873"/>
</kw>
<kw name="Replace String" library="String">
<var>${price}</var>
<arg>${price}</arg>
<arg>\n</arg>
<arg>.</arg>
<doc>Replaces ``search_for`` in the given ``string`` with ``replace_with``.</doc>
<msg timestamp="20230619 20:35:07.874" level="INFO">${price} = $7.89</msg>
<status status="PASS" starttime="20230619 20:35:07.873" endtime="20230619 20:35:07.874"/>
</kw>
<kw name="Append To List" library="Collections">
<arg>${prices}</arg>
<arg>${price}</arg>
<doc>Adds ``values`` to the end of ``list``.</doc>
<status status="PASS" starttime="20230619 20:35:07.874" endtime="20230619 20:35:07.874"/>
</kw>
<status status="PASS" starttime="20230619 20:35:07.356" endtime="20230619 20:35:07.874"/>
</iter>
<iter>
<var name="${element}">&lt;selenium.webdriver.remote.webelement.WebElement (session="3e1d1e0769973335cea99eff3875dd75", element="0FCA3B77B94A85437FA9104C29C45356_element_197")&gt;</var>
<kw name="Get Text" library="SeleniumLibrary">
<var>${price}</var>
<arg>${element}</arg>
<doc>Returns the text value of the element identified by ``locator``.</doc>
<msg timestamp="20230619 20:35:08.386" level="INFO">${price} = $7
90</msg>
<status status="PASS" starttime="20230619 20:35:07.874" endtime="20230619 20:35:08.386"/>
</kw>
<kw name="Replace String" library="String">
<var>${price}</var>
<arg>${price}</arg>
<arg>\n</arg>
<arg>.</arg>
<doc>Replaces ``search_for`` in the given ``string`` with ``replace_with``.</doc>
<msg timestamp="20230619 20:35:08.386" level="INFO">${price} = $7.90</msg>
<status status="PASS" starttime="20230619 20:35:08.386" endtime="20230619 20:35:08.387"/>
</kw>
<kw name="Append To List" library="Collections">
<arg>${prices}</arg>
<arg>${price}</arg>
<doc>Adds ``values`` to the end of ``list``.</doc>
<status status="PASS" starttime="20230619 20:35:08.387" endtime="20230619 20:35:08.387"/>
</kw>
<status status="PASS" starttime="20230619 20:35:07.874" endtime="20230619 20:35:08.387"/>
</iter>
<iter>
<var name="${element}">&lt;selenium.webdriver.remote.webelement.WebElement (session="3e1d1e0769973335cea99eff3875dd75", element="0FCA3B77B94A85437FA9104C29C45356_element_198")&gt;</var>
<kw name="Get Text" library="SeleniumLibrary">
<var>${price}</var>
<arg>${element}</arg>
<doc>Returns the text value of the element identified by ``locator``.</doc>
<msg timestamp="20230619 20:35:08.903" level="INFO">${price} = $10
99</msg>
<status status="PASS" starttime="20230619 20:35:08.387" endtime="20230619 20:35:08.903"/>
</kw>
<kw name="Replace String" library="String">
<var>${price}</var>
<arg>${price}</arg>
<arg>\n</arg>
<arg>.</arg>
<doc>Replaces ``search_for`` in the given ``string`` with ``replace_with``.</doc>
<msg timestamp="20230619 20:35:08.904" level="INFO">${price} = $10.99</msg>
<status status="PASS" starttime="20230619 20:35:08.903" endtime="20230619 20:35:08.904"/>
</kw>
<kw name="Append To List" library="Collections">
<arg>${prices}</arg>
<arg>${price}</arg>
<doc>Adds ``values`` to the end of ``list``.</doc>
<status status="PASS" starttime="20230619 20:35:08.904" endtime="20230619 20:35:08.904"/>
</kw>
<status status="PASS" starttime="20230619 20:35:08.387" endtime="20230619 20:35:08.904"/>
</iter>
<iter>
<var name="${element}">&lt;selenium.webdriver.remote.webelement.WebElement (session="3e1d1e0769973335cea99eff3875dd75", element="0FCA3B77B94A85437FA9104C29C45356_element_199")&gt;</var>
<kw name="Get Text" library="SeleniumLibrary">
<var>${price}</var>
<arg>${element}</arg>
<doc>Returns the text value of the element identified by ``locator``.</doc>
<msg timestamp="20230619 20:35:09.415" level="INFO">${price} = $23
99</msg>
<status status="PASS" starttime="20230619 20:35:08.904" endtime="20230619 20:35:09.415"/>
</kw>
<kw name="Replace String" library="String">
<var>${price}</var>
<arg>${price}</arg>
<arg>\n</arg>
<arg>.</arg>
<doc>Replaces ``search_for`` in the given ``string`` with ``replace_with``.</doc>
<msg timestamp="20230619 20:35:09.415" level="INFO">${price} = $23.99</msg>
<status status="PASS" starttime="20230619 20:35:09.415" endtime="20230619 20:35:09.415"/>
</kw>
<kw name="Append To List" library="Collections">
<arg>${prices}</arg>
<arg>${price}</arg>
<doc>Adds ``values`` to the end of ``list``.</doc>
<status status="PASS" starttime="20230619 20:35:09.415" endtime="20230619 20:35:09.416"/>
</kw>
<status status="PASS" starttime="20230619 20:35:08.904" endtime="20230619 20:35:09.416"/>
</iter>
<iter>
<var name="${element}">&lt;selenium.webdriver.remote.webelement.WebElement (session="3e1d1e0769973335cea99eff3875dd75", element="0FCA3B77B94A85437FA9104C29C45356_element_200")&gt;</var>
<kw name="Get Text" library="SeleniumLibrary">
<var>${price}</var>
<arg>${element}</arg>
<doc>Returns the text value of the element identified by ``locator``.</doc>
<msg timestamp="20230619 20:35:09.925" level="INFO">${price} = $34
99</msg>
<status status="PASS" starttime="20230619 20:35:09.416" endtime="20230619 20:35:09.925"/>
</kw>
<kw name="Replace String" library="String">
<var>${price}</var>
<arg>${price}</arg>
<arg>\n</arg>
<arg>.</arg>
<doc>Replaces ``search_for`` in the given ``string`` with ``replace_with``.</doc>
<msg timestamp="20230619 20:35:09.926" level="INFO">${price} = $34.99</msg>
<status status="PASS" starttime="20230619 20:35:09.925" endtime="20230619 20:35:09.926"/>
</kw>
<kw name="Append To List" library="Collections">
<arg>${prices}</arg>
<arg>${price}</arg>
<doc>Adds ``values`` to the end of ``list``.</doc>
<status status="PASS" starttime="20230619 20:35:09.926" endtime="20230619 20:35:09.926"/>
</kw>
<status status="PASS" starttime="20230619 20:35:09.416" endtime="20230619 20:35:09.926"/>
</iter>
<iter>
<var name="${element}">&lt;selenium.webdriver.remote.webelement.WebElement (session="3e1d1e0769973335cea99eff3875dd75", element="0FCA3B77B94A85437FA9104C29C45356_element_201")&gt;</var>
<kw name="Get Text" library="SeleniumLibrary">
<var>${price}</var>
<arg>${element}</arg>
<doc>Returns the text value of the element identified by ``locator``.</doc>
<msg timestamp="20230619 20:35:10.448" level="INFO">${price} = $39
99</msg>
<status status="PASS" starttime="20230619 20:35:09.926" endtime="20230619 20:35:10.448"/>
</kw>
<kw name="Replace String" library="String">
<var>${price}</var>
<arg>${price}</arg>
<arg>\n</arg>
<arg>.</arg>
<doc>Replaces ``search_for`` in the given ``string`` with ``replace_with``.</doc>
<msg timestamp="20230619 20:35:10.448" level="INFO">${price} = $39.99</msg>
<status status="PASS" starttime="20230619 20:35:10.448" endtime="20230619 20:35:10.448"/>
</kw>
<kw name="Append To List" library="Collections">
<arg>${prices}</arg>
<arg>${price}</arg>
<doc>Adds ``values`` to the end of ``list``.</doc>
<status status="PASS" starttime="20230619 20:35:10.449" endtime="20230619 20:35:10.449"/>
</kw>
<status status="PASS" starttime="20230619 20:35:09.926" endtime="20230619 20:35:10.449"/>
</iter>
<iter>
<var name="${element}">&lt;selenium.webdriver.remote.webelement.WebElement (session="3e1d1e0769973335cea99eff3875dd75", element="0FCA3B77B94A85437FA9104C29C45356_element_202")&gt;</var>
<kw name="Get Text" library="SeleniumLibrary">
<var>${price}</var>
<arg>${element}</arg>
<doc>Returns the text value of the element identified by ``locator``.</doc>
<msg timestamp="20230619 20:35:10.966" level="INFO">${price} = $9
90</msg>
<status status="PASS" starttime="20230619 20:35:10.449" endtime="20230619 20:35:10.966"/>
</kw>
<kw name="Replace String" library="String">
<var>${price}</var>
<arg>${price}</arg>
<arg>\n</arg>
<arg>.</arg>
<doc>Replaces ``search_for`` in the given ``string`` with ``replace_with``.</doc>
<msg timestamp="20230619 20:35:10.966" level="INFO">${price} = $9.90</msg>
<status status="PASS" starttime="20230619 20:35:10.966" endtime="20230619 20:35:10.966"/>
</kw>
<kw name="Append To List" library="Collections">
<arg>${prices}</arg>
<arg>${price}</arg>
<doc>Adds ``values`` to the end of ``list``.</doc>
<status status="PASS" starttime="20230619 20:35:10.966" endtime="20230619 20:35:10.967"/>
</kw>
<status status="PASS" starttime="20230619 20:35:10.449" endtime="20230619 20:35:10.967"/>
</iter>
<iter>
<var name="${element}">&lt;selenium.webdriver.remote.webelement.WebElement (session="3e1d1e0769973335cea99eff3875dd75", element="0FCA3B77B94A85437FA9104C29C45356_element_203")&gt;</var>
<kw name="Get Text" library="SeleniumLibrary">
<var>${price}</var>
<arg>${element}</arg>
<doc>Returns the text value of the element identified by ``locator``.</doc>
<msg timestamp="20230619 20:35:11.486" level="INFO">${price} = $15
99</msg>
<status status="PASS" starttime="20230619 20:35:10.967" endtime="20230619 20:35:11.486"/>
</kw>
<kw name="Replace String" library="String">
<var>${price}</var>
<arg>${price}</arg>
<arg>\n</arg>
<arg>.</arg>
<doc>Replaces ``search_for`` in the given ``string`` with ``replace_with``.</doc>
<msg timestamp="20230619 20:35:11.486" level="INFO">${price} = $15.99</msg>
<status status="PASS" starttime="20230619 20:35:11.486" endtime="20230619 20:35:11.486"/>
</kw>
<kw name="Append To List" library="Collections">
<arg>${prices}</arg>
<arg>${price}</arg>
<doc>Adds ``values`` to the end of ``list``.</doc>
<status status="PASS" starttime="20230619 20:35:11.486" endtime="20230619 20:35:11.487"/>
</kw>
<status status="PASS" starttime="20230619 20:35:10.967" endtime="20230619 20:35:11.487"/>
</iter>
<iter>
<var name="${element}">&lt;selenium.webdriver.remote.webelement.WebElement (session="3e1d1e0769973335cea99eff3875dd75", element="0FCA3B77B94A85437FA9104C29C45356_element_204")&gt;</var>
<kw name="Get Text" library="SeleniumLibrary">
<var>${price}</var>
<arg>${element}</arg>
<doc>Returns the text value of the element identified by ``locator``.</doc>
<msg timestamp="20230619 20:35:11.996" level="INFO">${price} = $22
99</msg>
<status status="PASS" starttime="20230619 20:35:11.487" endtime="20230619 20:35:11.996"/>
</kw>
<kw name="Replace String" library="String">
<var>${price}</var>
<arg>${price}</arg>
<arg>\n</arg>
<arg>.</arg>
<doc>Replaces ``search_for`` in the given ``string`` with ``replace_with``.</doc>
<msg timestamp="20230619 20:35:11.996" level="INFO">${price} = $22.99</msg>
<status status="PASS" starttime="20230619 20:35:11.996" endtime="20230619 20:35:11.996"/>
</kw>
<kw name="Append To List" library="Collections">
<arg>${prices}</arg>
<arg>${price}</arg>
<doc>Adds ``values`` to the end of ``list``.</doc>
<status status="PASS" starttime="20230619 20:35:11.996" endtime="20230619 20:35:11.997"/>
</kw>
<status status="PASS" starttime="20230619 20:35:11.487" endtime="20230619 20:35:11.997"/>
</iter>
<iter>
<var name="${element}">&lt;selenium.webdriver.remote.webelement.WebElement (session="3e1d1e0769973335cea99eff3875dd75", element="0FCA3B77B94A85437FA9104C29C45356_element_205")&gt;</var>
<kw name="Get Text" library="SeleniumLibrary">
<var>${price}</var>
<arg>${element}</arg>
<doc>Returns the text value of the element identified by ``locator``.</doc>
<msg timestamp="20230619 20:35:12.511" level="INFO">${price} = $7
55</msg>
<status status="PASS" starttime="20230619 20:35:11.997" endtime="20230619 20:35:12.511"/>
</kw>
<kw name="Replace String" library="String">
<var>${price}</var>
<arg>${price}</arg>
<arg>\n</arg>
<arg>.</arg>
<doc>Replaces ``search_for`` in the given ``string`` with ``replace_with``.</doc>
<msg timestamp="20230619 20:35:12.512" level="INFO">${price} = $7.55</msg>
<status status="PASS" starttime="20230619 20:35:12.511" endtime="20230619 20:35:12.512"/>
</kw>
<kw name="Append To List" library="Collections">
<arg>${prices}</arg>
<arg>${price}</arg>
<doc>Adds ``values`` to the end of ``list``.</doc>
<status status="PASS" starttime="20230619 20:35:12.512" endtime="20230619 20:35:12.512"/>
</kw>
<status status="PASS" starttime="20230619 20:35:11.997" endtime="20230619 20:35:12.513"/>
</iter>
<iter>
<var name="${element}">&lt;selenium.webdriver.remote.webelement.WebElement (session="3e1d1e0769973335cea99eff3875dd75", element="0FCA3B77B94A85437FA9104C29C45356_element_206")&gt;</var>
<kw name="Get Text" library="SeleniumLibrary">
<var>${price}</var>
<arg>${element}</arg>
<doc>Returns the text value of the element identified by ``locator``.</doc>
<msg timestamp="20230619 20:35:13.031" level="INFO">${price} = $159
00</msg>
<status status="PASS" starttime="20230619 20:35:12.513" endtime="20230619 20:35:13.031"/>
</kw>
<kw name="Replace String" library="String">
<var>${price}</var>
<arg>${price}</arg>
<arg>\n</arg>
<arg>.</arg>
<doc>Replaces ``search_for`` in the given ``string`` with ``replace_with``.</doc>
<msg timestamp="20230619 20:35:13.032" level="INFO">${price} = $159.00</msg>
<status status="PASS" starttime="20230619 20:35:13.031" endtime="20230619 20:35:13.032"/>
</kw>
<kw name="Append To List" library="Collections">
<arg>${prices}</arg>
<arg>${price}</arg>
<doc>Adds ``values`` to the end of ``list``.</doc>
<status status="PASS" starttime="20230619 20:35:13.032" endtime="20230619 20:35:13.032"/>
</kw>
<status status="PASS" starttime="20230619 20:35:12.513" endtime="20230619 20:35:13.032"/>
</iter>
<iter>
<var name="${element}">&lt;selenium.webdriver.remote.webelement.WebElement (session="3e1d1e0769973335cea99eff3875dd75", element="0FCA3B77B94A85437FA9104C29C45356_element_207")&gt;</var>
<kw name="Get Text" library="SeleniumLibrary">
<var>${price}</var>
<arg>${element}</arg>
<doc>Returns the text value of the element identified by ``locator``.</doc>
<msg timestamp="20230619 20:35:13.550" level="INFO">${price} = $398
00</msg>
<status status="PASS" starttime="20230619 20:35:13.032" endtime="20230619 20:35:13.550"/>
</kw>
<kw name="Replace String" library="String">
<var>${price}</var>
<arg>${price}</arg>
<arg>\n</arg>
<arg>.</arg>
<doc>Replaces ``search_for`` in the given ``string`` with ``replace_with``.</doc>
<msg timestamp="20230619 20:35:13.551" level="INFO">${price} = $398.00</msg>
<status status="PASS" starttime="20230619 20:35:13.551" endtime="20230619 20:35:13.551"/>
</kw>
<kw name="Append To List" library="Collections">
<arg>${prices}</arg>
<arg>${price}</arg>
<doc>Adds ``values`` to the end of ``list``.</doc>
<status status="PASS" starttime="20230619 20:35:13.552" endtime="20230619 20:35:13.552"/>
</kw>
<status status="PASS" starttime="20230619 20:35:13.032" endtime="20230619 20:35:13.552"/>
</iter>
<iter>
<var name="${element}">&lt;selenium.webdriver.remote.webelement.WebElement (session="3e1d1e0769973335cea99eff3875dd75", element="0FCA3B77B94A85437FA9104C29C45356_element_208")&gt;</var>
<kw name="Get Text" library="SeleniumLibrary">
<var>${price}</var>
<arg>${element}</arg>
<doc>Returns the text value of the element identified by ``locator``.</doc>
<msg timestamp="20230619 20:35:14.070" level="INFO">${price} = $22
19</msg>
<status status="PASS" starttime="20230619 20:35:13.553" endtime="20230619 20:35:14.070"/>
</kw>
<kw name="Replace String" library="String">
<var>${price}</var>
<arg>${price}</arg>
<arg>\n</arg>
<arg>.</arg>
<doc>Replaces ``search_for`` in the given ``string`` with ``replace_with``.</doc>
<msg timestamp="20230619 20:35:14.071" level="INFO">${price} = $22.19</msg>
<status status="PASS" starttime="20230619 20:35:14.071" endtime="20230619 20:35:14.071"/>
</kw>
<kw name="Append To List" library="Collections">
<arg>${prices}</arg>
<arg>${price}</arg>
<doc>Adds ``values`` to the end of ``list``.</doc>
<status status="PASS" starttime="20230619 20:35:14.071" endtime="20230619 20:35:14.072"/>
</kw>
<status status="PASS" starttime="20230619 20:35:13.552" endtime="20230619 20:35:14.072"/>
</iter>
<iter>
<var name="${element}">&lt;selenium.webdriver.remote.webelement.WebElement (session="3e1d1e0769973335cea99eff3875dd75", element="0FCA3B77B94A85437FA9104C29C45356_element_209")&gt;</var>
<kw name="Get Text" library="SeleniumLibrary">
<var>${price}</var>
<arg>${element}</arg>
<doc>Returns the text value of the element identified by ``locator``.</doc>
<msg timestamp="20230619 20:35:14.588" level="INFO">${price} = $39
99</msg>
<status status="PASS" starttime="20230619 20:35:14.072" endtime="20230619 20:35:14.588"/>
</kw>
<kw name="Replace String" library="String">
<var>${price}</var>
<arg>${price}</arg>
<arg>\n</arg>
<arg>.</arg>
<doc>Replaces ``search_for`` in the given ``string`` with ``replace_with``.</doc>
<msg timestamp="20230619 20:35:14.588" level="INFO">${price} = $39.99</msg>
<status status="PASS" starttime="20230619 20:35:14.588" endtime="20230619 20:35:14.589"/>
</kw>
<kw name="Append To List" library="Collections">
<arg>${prices}</arg>
<arg>${price}</arg>
<doc>Adds ``values`` to the end of ``list``.</doc>
<status status="PASS" starttime="20230619 20:35:14.589" endtime="20230619 20:35:14.589"/>
</kw>
<status status="PASS" starttime="20230619 20:35:14.072" endtime="20230619 20:35:14.589"/>
</iter>
<iter>
[...]
<status status="PASS" starttime="20230619 20:35:50.953" endtime="20230619 20:35:50.955"/>
</kw>
<kw name="Set To Dictionary" library="Collections">
<arg>${product_data}</arg>
<arg>${product_name}=${price}</arg>
<doc>Adds the given ``key_value_pairs`` and/or ``items`` to the ``dictionary``.</doc>
<status status="PASS" starttime="20230619 20:35:50.955" endtime="20230619 20:35:50.955"/>
</kw>
<status status="PASS" starttime="20230619 20:35:50.951" endtime="20230619 20:35:50.955"/>
</iter>
<iter>
<var name="${index}">23</var>
<kw name="Set Variable" library="BuiltIn">
<var>${product_name}</var>
<arg>${product_names[${index}]}</arg>
<doc>Returns the given values which can then be assigned to a variables.</doc>
<msg timestamp="20230619 20:35:50.955" level="INFO">${product_name} = Wireless Earbuds Bluetooth 5.3 Headphones 60 Hrs Playtime Sports Ear buds with Wireless Charging Case &amp; LED Power Display Over-ear Earphones with Earhooks Waterproof Stereo Bass Headset for Workout</msg>
<status status="PASS" starttime="20230619 20:35:50.955" endtime="20230619 20:35:50.955"/>
</kw>
<kw name="Run Keyword If" library="BuiltIn">
<var>${price}</var>
<arg>${index} &lt; ${prices.__len__()}</arg>
<arg>Get From List</arg>
<arg>${prices}</arg>
<arg>${index}</arg>
<doc>Runs the given keyword with the given arguments, if ``condition`` is true.</doc>
<kw name="Get From List" library="Collections">
<arg>${prices}</arg>
<arg>${index}</arg>
<doc>Returns the value specified with an ``index`` from ``list``.</doc>
<status status="PASS" starttime="20230619 20:35:50.957" endtime="20230619 20:35:50.957"/>
</kw>
<msg timestamp="20230619 20:35:50.957" level="INFO">${price} = $9.90</msg>
<status status="PASS" starttime="20230619 20:35:50.955" endtime="20230619 20:35:50.957"/>
</kw>
<kw name="Set To Dictionary" library="Collections">
<arg>${product_data}</arg>
<arg>${product_name}=${price}</arg>
<doc>Adds the given ``key_value_pairs`` and/or ``items`` to the ``dictionary``.</doc>
<status status="PASS" starttime="20230619 20:35:50.957" endtime="20230619 20:35:50.963"/>
</kw>
<status status="PASS" starttime="20230619 20:35:50.955" endtime="20230619 20:35:50.964"/>
</iter>
<iter>
<var name="${index}">24</var>
<kw name="Set Variable" library="BuiltIn">
<var>${product_name}</var>
<arg>${product_names[${index}]}</arg>
<doc>Returns the given values which can then be assigned to a variables.</doc>
<msg timestamp="20230619 20:35:50.965" level="INFO">${product_name} = iPhone Charger Super Fast Charging [Apple MFi Certified] iPad Charger 20W PD USB C Wall Charger 2-Pack 6FT Fast Charging Cable Compatible with iPhone14/14 Pro Max/13/13Pro/12/12 Pro/11/11Pro/XS,iPad</msg>
<status status="PASS" starttime="20230619 20:35:50.964" endtime="20230619 20:35:50.965"/>
</kw>
<kw name="Run Keyword If" library="BuiltIn">
<var>${price}</var>
<arg>${index} &lt; ${prices.__len__()}</arg>
<arg>Get From List</arg>
<arg>${prices}</arg>
<arg>${index}</arg>
<doc>Runs the given keyword with the given arguments, if ``condition`` is true.</doc>
<kw name="Get From List" library="Collections">
<arg>${prices}</arg>
<arg>${index}</arg>
<doc>Returns the value specified with an ``index`` from ``list``.</doc>
<status status="PASS" starttime="20230619 20:35:50.966" endtime="20230619 20:35:50.966"/>
</kw>
<msg timestamp="20230619 20:35:50.966" level="INFO">${price} = $15.99</msg>
<status status="PASS" starttime="20230619 20:35:50.965" endtime="20230619 20:35:50.966"/>
</kw>
<kw name="Set To Dictionary" library="Collections">
<arg>${product_data}</arg>
<arg>${product_name}=${price}</arg>
<doc>Adds the given ``key_value_pairs`` and/or ``items`` to the ``dictionary``.</doc>
<status status="PASS" starttime="20230619 20:35:50.966" endtime="20230619 20:35:50.966"/>
</kw>
<status status="PASS" starttime="20230619 20:35:50.964" endtime="20230619 20:35:50.966"/>
</iter>
<iter>
<var name="${index}">25</var>
<kw name="Set Variable" library="BuiltIn">
<var>${product_name}</var>
<arg>${product_names[${index}]}</arg>
<doc>Returns the given values which can then be assigned to a variables.</doc>
<msg timestamp="20230619 20:35:50.967" level="INFO">${product_name} = FBB Phone Mount for Car, [ Off-Road Level Suction Cup Protection ] 3in1 Long Arm Suction Cup Holder Universal Cell Phone Holder Mount Dashboard Windshield Vent Compatible with All Smartphones</msg>
<status status="PASS" starttime="20230619 20:35:50.967" endtime="20230619 20:35:50.967"/>
</kw>
<kw name="Run Keyword If" library="BuiltIn">
<var>${price}</var>
<arg>${index} &lt; ${prices.__len__()}</arg>
<arg>Get From List</arg>
<arg>${prices}</arg>
<arg>${index}</arg>
<doc>Runs the given keyword with the given arguments, if ``condition`` is true.</doc>
<kw name="Get From List" library="Collections">
<arg>${prices}</arg>
<arg>${index}</arg>
<doc>Returns the value specified with an ``index`` from ``list``.</doc>
<status status="PASS" starttime="20230619 20:35:50.968" endtime="20230619 20:35:50.982"/>
</kw>
<msg timestamp="20230619 20:35:50.983" level="INFO">${price} = $22.99</msg>
<status status="PASS" starttime="20230619 20:35:50.967" endtime="20230619 20:35:50.983"/>
</kw>
<kw name="Set To Dictionary" library="Collections">
<arg>${product_data}</arg>
<arg>${product_name}=${price}</arg>
<doc>Adds the given ``key_value_pairs`` and/or ``items`` to the ``dictionary``.</doc>
<status status="PASS" starttime="20230619 20:35:50.983" endtime="20230619 20:35:50.983"/>
</kw>
<status status="PASS" starttime="20230619 20:35:50.967" endtime="20230619 20:35:50.984"/>
</iter>
<iter>
<var name="${index}">26</var>
<kw name="Set Variable" library="BuiltIn">
<var>${product_name}</var>
<arg>${product_names[${index}]}</arg>
<doc>Returns the given values which can then be assigned to a variables.</doc>
<msg timestamp="20230619 20:35:50.984" level="INFO">${product_name} = SanDisk 256GB Extreme microSDXC UHS-I Memory Card with Adapter - Up to 190MB/s, C10, U3, V30, 4K, 5K, A2, Micro SD Card - SDSQXAV-256G-GN6MA</msg>
<status status="PASS" starttime="20230619 20:35:50.984" endtime="20230619 20:35:50.984"/>
</kw>
<kw name="Run Keyword If" library="BuiltIn">
<var>${price}</var>
<arg>${index} &lt; ${prices.__len__()}</arg>
<arg>Get From List</arg>
<arg>${prices}</arg>
<arg>${index}</arg>
<doc>Runs the given keyword with the given arguments, if ``condition`` is true.</doc>
<kw name="Get From List" library="Collections">
<arg>${prices}</arg>
<arg>${index}</arg>
<doc>Returns the value specified with an ``index`` from ``list``.</doc>
<status status="PASS" starttime="20230619 20:35:50.985" endtime="20230619 20:35:50.985"/>
</kw>
<msg timestamp="20230619 20:35:50.986" level="INFO">${price} = $7.55</msg>
<status status="PASS" starttime="20230619 20:35:50.985" endtime="20230619 20:35:50.986"/>
</kw>
<kw name="Set To Dictionary" library="Collections">
<arg>${product_data}</arg>
<arg>${product_name}=${price}</arg>
<doc>Adds the given ``key_value_pairs`` and/or ``items`` to the ``dictionary``.</doc>
<status status="PASS" starttime="20230619 20:35:50.986" endtime="20230619 20:35:50.986"/>
</kw>
<status status="PASS" starttime="20230619 20:35:50.984" endtime="20230619 20:35:50.986"/>
</iter>
<iter>
<var name="${index}">27</var>
<kw name="Set Variable" library="BuiltIn">
<var>${product_name}</var>
<arg>${product_names[${index}]}</arg>
<doc>Returns the given values which can then be assigned to a variables.</doc>
<msg timestamp="20230619 20:35:50.987" level="INFO">${product_name} = 𝟮𝟬𝟮𝟯 𝐔𝐩𝐠𝐫𝐚𝐝𝐞𝐝 for Apple Watch Charger Magnetic Fast Charging Cable [Portable] Magnetic Wireless Charging Compatible with iWatch Series Ultra/8/7/6/SE/SE2/5/4/3/2/1-[3.3FT] White</msg>
<status status="PASS" starttime="20230619 20:35:50.986" endtime="20230619 20:35:50.987"/>
</kw>
<kw name="Run Keyword If" library="BuiltIn">
<var>${price}</var>
<arg>${index} &lt; ${prices.__len__()}</arg>
<arg>Get From List</arg>
<arg>${prices}</arg>
<arg>${index}</arg>
<doc>Runs the given keyword with the given arguments, if ``condition`` is true.</doc>
<kw name="Get From List" library="Collections">
<arg>${prices}</arg>
<arg>${index}</arg>
<doc>Returns the value specified with an ``index`` from ``list``.</doc>
<status status="PASS" starttime="20230619 20:35:50.988" endtime="20230619 20:35:50.988"/>
</kw>
<msg timestamp="20230619 20:35:50.988" level="INFO">${price} = $159.00</msg>
<status status="PASS" starttime="20230619 20:35:50.987" endtime="20230619 20:35:50.988"/>
</kw>
<kw name="Set To Dictionary" library="Collections">
<arg>${product_data}</arg>
<arg>${product_name}=${price}</arg>
<doc>Adds the given ``key_value_pairs`` and/or ``items`` to the ``dictionary``.</doc>
<status status="PASS" starttime="20230619 20:35:50.988" endtime="20230619 20:35:50.988"/>
</kw>
<status status="PASS" starttime="20230619 20:35:50.986" endtime="20230619 20:35:50.989"/>
</iter>
<iter>
<var name="${index}">28</var>
<kw name="Set Variable" library="BuiltIn">
<var>${product_name}</var>
<arg>${product_names[${index}]}</arg>
<doc>Returns the given values which can then be assigned to a variables.</doc>
<msg timestamp="20230619 20:35:50.989" level="INFO">${product_name} = DJI Osmo Mobile 6 Smartphone Gimbal Stabilizer, 3-Axis Phone Gimbal, Built-In Extension Rod, Portable and Foldable, Android and iPhone Gimbal with ShotGuides, Vlogging Stabilizer, YouTube TikTok Video</msg>
<status status="PASS" starttime="20230619 20:35:50.989" endtime="20230619 20:35:50.989"/>
</kw>
<kw name="Run Keyword If" library="BuiltIn">
<var>${price}</var>
<arg>${index} &lt; ${prices.__len__()}</arg>
<arg>Get From List</arg>
<arg>${prices}</arg>
<arg>${index}</arg>
<doc>Runs the given keyword with the given arguments, if ``condition`` is true.</doc>
<kw name="Get From List" library="Collections">
<arg>${prices}</arg>
<arg>${index}</arg>
<doc>Returns the value specified with an ``index`` from ``list``.</doc>
<status status="PASS" starttime="20230619 20:35:50.990" endtime="20230619 20:35:50.990"/>
</kw>
<msg timestamp="20230619 20:35:50.991" level="INFO">${price} = $398.00</msg>
<status status="PASS" starttime="20230619 20:35:50.990" endtime="20230619 20:35:50.991"/>
</kw>
<kw name="Set To Dictionary" library="Collections">
<arg>${product_data}</arg>
<arg>${product_name}=${price}</arg>
<doc>Adds the given ``key_value_pairs`` and/or ``items`` to the ``dictionary``.</doc>
<status status="PASS" starttime="20230619 20:35:50.991" endtime="20230619 20:35:50.991"/>
</kw>
<status status="PASS" starttime="20230619 20:35:50.989" endtime="20230619 20:35:50.991"/>
</iter>
<iter>
<var name="${index}">29</var>
<kw name="Set Variable" library="BuiltIn">
<var>${product_name}</var>
<arg>${product_names[${index}]}</arg>
<doc>Returns the given values which can then be assigned to a variables.</doc>
<msg timestamp="20230619 20:35:50.992" level="INFO">${product_name} = Sony WH-1000XM5 Wireless Industry Leading Headphones with Auto Noise Canceling Optimizer, Crystal Clear Hands-Free Calling, and Alexa Voice Control, Black</msg>
<status status="PASS" starttime="20230619 20:35:50.991" endtime="20230619 20:35:50.992"/>
</kw>
<kw name="Run Keyword If" library="BuiltIn">
<var>${price}</var>
<arg>${index} &lt; ${prices.__len__()}</arg>
<arg>Get From List</arg>
<arg>${prices}</arg>
<arg>${index}</arg>
<doc>Runs the given keyword with the given arguments, if ``condition`` is true.</doc>
<kw name="Get From List" library="Collections">
<arg>${prices}</arg>
<arg>${index}</arg>
<doc>Returns the value specified with an ``index`` from ``list``.</doc>
<status status="PASS" starttime="20230619 20:35:50.993" endtime="20230619 20:35:50.993"/>
</kw>
<msg timestamp="20230619 20:35:50.993" level="INFO">${price} = $22.19</msg>
<status status="PASS" starttime="20230619 20:35:50.992" endtime="20230619 20:35:50.993"/>
</kw>
<kw name="Set To Dictionary" library="Collections">
<arg>${product_data}</arg>
<arg>${product_name}=${price}</arg>
<doc>Adds the given ``key_value_pairs`` and/or ``items`` to the ``dictionary``.</doc>
<status status="PASS" starttime="20230619 20:35:50.993" endtime="20230619 20:35:50.993"/>
</kw>
<status status="PASS" starttime="20230619 20:35:50.991" endtime="20230619 20:35:50.993"/>
</iter>
<iter>
<var name="${index}">30</var>
<kw name="Set Variable" library="BuiltIn">
<var>${product_name}</var>
<arg>${product_names[${index}]}</arg>
<doc>Returns the given values which can then be assigned to a variables.</doc>
<msg timestamp="20230619 20:35:50.994" level="INFO">${product_name} = Rechargeable Selfie Light &amp; Phone Light Clip for iPhone - Phone LED Light with Adjustable Brightness, Perfect for Selfies, Makeup, TikTok, Live Streaming &amp; Video Conferencing</msg>
<status status="PASS" starttime="20230619 20:35:50.993" endtime="20230619 20:35:50.994"/>
</kw>
<kw name="Run Keyword If" library="BuiltIn">
<var>${price}</var>
<arg>${index} &lt; ${prices.__len__()}</arg>
<arg>Get From List</arg>
<arg>${prices}</arg>
<arg>${index}</arg>
<doc>Runs the given keyword with the given arguments, if ``condition`` is true.</doc>
<kw name="Get From List" library="Collections">
<arg>${prices}</arg>
<arg>${index}</arg>
<doc>Returns the value specified with an ``index`` from ``list``.</doc>
<status status="PASS" starttime="20230619 20:35:50.995" endtime="20230619 20:35:50.995"/>
</kw>
<msg timestamp="20230619 20:35:50.995" level="INFO">${price} = $39.99</msg>
<status status="PASS" starttime="20230619 20:35:50.994" endtime="20230619 20:35:50.995"/>
</kw>
<kw name="Set To Dictionary" library="Collections">
<arg>${product_data}</arg>
<arg>${product_name}=${price}</arg>
<doc>Adds the given ``key_value_pairs`` and/or ``items`` to the ``dictionary``.</doc>
<status status="PASS" starttime="20230619 20:35:50.995" endtime="20230619 20:35:50.995"/>
</kw>
<status status="PASS" starttime="20230619 20:35:50.993" endtime="20230619 20:35:50.996"/>
</iter>
<iter>
<var name="${index}">31</var>
<kw name="Set Variable" library="BuiltIn">
<var>${product_name}</var>
<arg>${product_names[${index}]}</arg>
<doc>Returns the given values which can then be assigned to a variables.</doc>
<msg timestamp="20230619 20:35:50.996" level="INFO">${product_name} = USB C Charger, RUNGLI 130W 4 Port GaN Compact Charging Station for Multiple Devices, USB Fast Wall Charger with 2 Type-C and 2 USB A, Multiport Power Adapter for iPad iPhone, Samsung Android Phones</msg>
<status status="PASS" starttime="20230619 20:35:50.996" endtime="20230619 20:35:50.996"/>
</kw>
<kw name="Run Keyword If" library="BuiltIn">
<var>${price}</var>
<arg>${index} &lt; ${prices.__len__()}</arg>
<arg>Get From List</arg>
<arg>${prices}</arg>
<arg>${index}</arg>
<doc>Runs the given keyword with the given arguments, if ``condition`` is true.</doc>
<kw name="Get From List" library="Collections">
<arg>${prices}</arg>
<arg>${index}</arg>
<doc>Returns the value specified with an ``index`` from ``list``.</doc>
<status status="PASS" starttime="20230619 20:35:50.997" endtime="20230619 20:35:50.997"/>
</kw>
<msg timestamp="20230619 20:35:50.997" level="INFO">${price} = $23.98</msg>
<status status="PASS" starttime="20230619 20:35:50.996" endtime="20230619 20:35:50.997"/>
</kw>
<kw name="Set To Dictionary" library="Collections">
<arg>${product_data}</arg>
<arg>${product_name}=${price}</arg>
<doc>Adds the given ``key_value_pairs`` and/or ``items`` to the ``dictionary``.</doc>
<status status="PASS" starttime="20230619 20:35:50.998" endtime="20230619 20:35:50.998"/>
</kw>
<status status="PASS" starttime="20230619 20:35:50.996" endtime="20230619 20:35:50.998"/>
</iter>
<iter>
<var name="${index}">32</var>
<kw name="Set Variable" library="BuiltIn">
<var>${product_name}</var>
<arg>${product_names[${index}]}</arg>
<doc>Returns the given values which can then be assigned to a variables.</doc>
<msg timestamp="20230619 20:35:50.999" level="INFO">${product_name} = munash Bluetooth Headset Wireless Handfree Earpiece V5.1 with 500mAh Battery Display Charging Case 96 Hours Talking Time Built-in Microphone for iPhone Android Cell Phone Driver/Business/Office</msg>
<status status="PASS" starttime="20230619 20:35:50.998" endtime="20230619 20:35:50.999"/>
</kw>
<kw name="Run Keyword If" library="BuiltIn">
<var>${price}</var>
<arg>${index} &lt; ${prices.__len__()}</arg>
<arg>Get From List</arg>
<arg>${prices}</arg>
<arg>${index}</arg>
<doc>Runs the given keyword with the given arguments, if ``condition`` is true.</doc>
<msg timestamp="20230619 20:35:50.999" level="INFO">${price} = None</msg>
<status status="PASS" starttime="20230619 20:35:50.999" endtime="20230619 20:35:50.999"/>
</kw>
<kw name="Set To Dictionary" library="Collections">
<arg>${product_data}</arg>
<arg>${product_name}=${price}</arg>
<doc>Adds the given ``key_value_pairs`` and/or ``items`` to the ``dictionary``.</doc>
<status status="PASS" starttime="20230619 20:35:51.000" endtime="20230619 20:35:51.000"/>
</kw>
<status status="PASS" starttime="20230619 20:35:50.998" endtime="20230619 20:35:51.000"/>
</iter>
<status status="PASS" starttime="20230619 20:35:50.889" endtime="20230619 20:35:51.000"/>
</for>
<kw name="Return From Keyword" library="BuiltIn">
<arg>${product_data}</arg>
<doc>Returns from the enclosing user keyword.</doc>
<msg timestamp="20230619 20:35:51.000" level="INFO">Returning from the enclosing user keyword.</msg>
<status status="PASS" starttime="20230619 20:35:51.000" endtime="20230619 20:35:51.000"/>
</kw>
<msg timestamp="20230619 20:35:51.000" level="INFO">${product_data_second} = {'USB C Wired Earbuds, in Ear Earphones USB Type C Headphones for Laptop with Microphone, Magnetic Noise Canceling Headset Compatible for PC iPad Pro Samsung MacBook': '$15.88', 'weBoost 473060 Office...</msg>
<status status="PASS" starttime="20230619 20:35:16.355" endtime="20230619 20:35:51.000"/>
</kw>
<kw name="Insert Key and Value to Dictionary">
<var>${final_dictionary}</var>
<arg>${product_data_second}</arg>
<arg>${smallest_value}</arg>
<kw name="Set To Dictionary" library="Collections">
<arg>${dictionary}</arg>
<arg>${smallest_value[0]}</arg>
<arg>${smallest_value[1]}</arg>
<doc>Adds the given ``key_value_pairs`` and/or ``items`` to the ``dictionary``.</doc>
<status status="PASS" starttime="20230619 20:35:51.002" endtime="20230619 20:35:51.004"/>
</kw>
<msg timestamp="20230619 20:35:51.004" level="INFO">${final_dictionary} = {'USB C Wired Earbuds, in Ear Earphones USB Type C Headphones for Laptop with Microphone, Magnetic Noise Canceling Headset Compatible for PC iPad Pro Samsung MacBook': '$15.88', 'weBoost 473060 Office...</msg>
<status status="PASS" starttime="20230619 20:35:51.001" endtime="20230619 20:35:51.004"/>
</kw>
<kw name="Get Dictionary Length">
<var>${length}</var>
<arg>${final_dictionary}</arg>
<kw name="Evaluate" library="BuiltIn">
<var>${length}</var>
<arg>len(${dictionary})</arg>
<doc>Evaluates the given expression in Python and returns the result.</doc>
<msg timestamp="20230619 20:35:51.007" level="INFO">${length} = 33</msg>
<status status="PASS" starttime="20230619 20:35:51.005" endtime="20230619 20:35:51.007"/>
</kw>
<msg timestamp="20230619 20:35:51.007" level="INFO">${length} = 33</msg>
<status status="PASS" starttime="20230619 20:35:51.005" endtime="20230619 20:35:51.007"/>
</kw>
<kw name="Log To Console" library="BuiltIn">
<arg>${length}</arg>
<doc>Logs the given message to the console.</doc>
<status status="PASS" starttime="20230619 20:35:51.008" endtime="20230619 20:35:51.008"/>
</kw>
<kw name="Close Browser" library="SeleniumLibrary">
<doc>Closes the current browser.</doc>
<status status="PASS" starttime="20230619 20:35:51.009" endtime="20230619 20:35:53.625"/>
</kw>
<status status="PASS" starttime="20230619 20:33:55.731" endtime="20230619 20:35:53.625"/>
</test>
<status status="PASS" starttime="20230619 20:33:55.596" endtime="20230619 20:35:53.626"/>
</suite>
<statistics>
<total>
<stat pass="1" fail="0" skip="0">All Tests</stat>
</total>
<tag>
</tag>
<suite>
<stat pass="1" fail="0" skip="0" id="s1" name="Test Case">Test Case</stat>
</suite>
</statistics>
<errors>
</errors>
</robot>
